server(started, 1769453918).
/*Mon Jan 26 20:05:15 2026*/ request(1, 1769454315.542, [peer(ip(127,0,0,1)),method(options),request_uri('/default'),path('/default'),http_version(1-1),host(localhost),port(8080),user_agent('Mozilla/5.0 (Windows NT 10.0; Win64; x64; rv:147.0) Gecko/20100101 Firefox/147.0'),access_control_request_method('PUT'),referer('http://172.31.128.1:9000/'),origin('http://172.31.128.1:9000'),connection('keep-alive'),sec_fetch_dest(empty),sec_fetch_mode(cors),sec_fetch_site('cross-site'),priority('u=4')]).
completed(1, 0.04687500000000001, 0, 200, ok).
/*Mon Jan 26 20:05:15 2026*/ request(2, 1769454315.599, [peer(ip(127,0,0,1)),method(put),request_uri('/default'),path('/default'),http_version(1-1),host(localhost),port(8080),user_agent('Mozilla/5.0 (Windows NT 10.0; Win64; x64; rv:147.0) Gecko/20100101 Firefox/147.0'),referer('http://172.31.128.1:9000/'),origin('http://172.31.128.1:9000'),connection('keep-alive'),sec_fetch_dest(empty),sec_fetch_mode(cors),sec_fetch_site('cross-site'),priority('u=0'),content_length(0)]).
completed(2, 0.015625, 2476, 200, ok).
/*Mon Jan 26 20:05:21 2026*/ request(3, 1769454321.798, [peer(ip(127,0,0,1)),method(options),request_uri('/sim'),path('/sim'),http_version(1-1),host(localhost),port(8080),user_agent('Mozilla/5.0 (Windows NT 10.0; Win64; x64; rv:147.0) Gecko/20100101 Firefox/147.0'),access_control_request_method('PUT'),access_control_request_headers('content-type'),referer('http://172.31.128.1:9000/'),origin('http://172.31.128.1:9000'),connection('keep-alive'),sec_fetch_dest(empty),sec_fetch_mode(cors),sec_fetch_site('cross-site'),priority('u=4')]).
completed(3, 0.0, 0, 200, ok).
/*Mon Jan 26 20:05:21 2026*/ request(4, 1769454321.822, [peer(ip(127,0,0,1)),method(put),request_uri('/sim'),path('/sim'),http_version(1-1),host(localhost),port(8080),user_agent('Mozilla/5.0 (Windows NT 10.0; Win64; x64; rv:147.0) Gecko/20100101 Firefox/147.0'),referer('http://172.31.128.1:9000/'),content_type('application/json'),content_length(2223),origin('http://172.31.128.1:9000'),connection('keep-alive'),sec_fetch_dest(empty),sec_fetch_mode(cors),sec_fetch_site('cross-site'),priority('u=0')]).
SIM: Received Action move
Updating State w/ action: moveCalculating effects of move 
Trying case 1 for Move 
Trying case 2 for Move 
Trying case 3 for Move 
Calculated Next Fluents:_{ alive: [_{id:hunter},_{id:wumpus1}],
			   dir: [dir{d:north,h:hunter{id:hunter}}],
			   fat_gold: [_{c:_{x:2,y:3},g:_{id:gold1}}],
			   fat_hunter: fat{ c: c{x:1,y:2},
					    h: hunter{id:hunter}
					  },
			   game_state: running,
			   has_arrow: [ _{ a: _{id:arrow1},
					   h: _{id:hunter}
					 }
				      ],
			   has_gold: [],
			   score: -1,
			   visited: [v{from:c{x:1,y:1},to:c{x:1,y:2}}]
			 }
Calculated Next Percepts: [stench]completed(4, 0.20312500000000003, 469, 200, ok).
/*Mon Jan 26 20:05:36 2026*/ request(5, 1769454336.333, [peer(ip(127,0,0,1)),method(options),request_uri('/sim'),path('/sim'),http_version(1-1),host(localhost),port(8080),user_agent('Mozilla/5.0 (Windows NT 10.0; Win64; x64; rv:147.0) Gecko/20100101 Firefox/147.0'),access_control_request_method('PUT'),access_control_request_headers('content-type'),referer('http://172.31.128.1:9000/'),origin('http://172.31.128.1:9000'),connection('keep-alive'),sec_fetch_dest(empty),sec_fetch_mode(cors),sec_fetch_site('cross-site'),priority('u=4')]).
completed(5, 0.0, 0, 200, ok).
/*Mon Jan 26 20:05:36 2026*/ request(6, 1769454336.357, [peer(ip(127,0,0,1)),method(put),request_uri('/sim'),path('/sim'),http_version(1-1),host(localhost),port(8080),user_agent('Mozilla/5.0 (Windows NT 10.0; Win64; x64; rv:147.0) Gecko/20100101 Firefox/147.0'),referer('http://172.31.128.1:9000/'),content_type('application/json'),content_length(2265),origin('http://172.31.128.1:9000'),connection('keep-alive'),sec_fetch_dest(empty),sec_fetch_mode(cors),sec_fetch_site('cross-site'),priority('u=0')]).
SIM: Received Action left
Updating State w/ action: leftCalculating effects of left 
Calculated Next Fluents:_{ alive: [_{id:hunter},_{id:wumpus1}],
			   dir: [dir{d:west,h:hunter{id:hunter}}],
			   fat_gold: [_{c:_{x:2,y:3},g:_{id:gold1}}],
			   fat_hunter: _{c:_{x:1,y:2},h:_{id:hunter}},
			   game_state: running,
			   has_arrow: [ _{ a: _{id:arrow1},
					   h: _{id:hunter}
					 }
				      ],
			   has_gold: [],
			   score: -2,
			   visited: [_{from:_{x:1,y:1},to:_{x:1,y:2}}]
			 }
Calculated Next Percepts: [stench]completed(6, 0.234375, 468, 200, ok).
/*Mon Jan 26 20:05:38 2026*/ request(7, 1769454338.387, [peer(ip(127,0,0,1)),method(put),request_uri('/sim'),path('/sim'),http_version(1-1),host(localhost),port(8080),user_agent('Mozilla/5.0 (Windows NT 10.0; Win64; x64; rv:147.0) Gecko/20100101 Firefox/147.0'),referer('http://172.31.128.1:9000/'),content_type('application/json'),content_length(2306),origin('http://172.31.128.1:9000'),connection('keep-alive'),sec_fetch_dest(empty),sec_fetch_mode(cors),sec_fetch_site('cross-site'),priority('u=0')]).
SIM: Received Action move
Updating State w/ action: moveCalculating effects of move 
Trying case 1 for Move 
Calculated Next Fluents:_{ alive: [_{id:hunter},_{id:wumpus1}],
			   dir: [dir{d:west,h:hunter{id:hunter}}],
			   fat_gold: [_{c:_{x:2,y:3},g:_{id:gold1}}],
			   fat_hunter: fat{ c: c{x:1,y:2},
					    h: hunter{id:hunter}
					  },
			   game_state: running,
			   has_arrow: [ _{ a: _{id:arrow1},
					   h: _{id:hunter}
					 }
				      ],
			   has_gold: [],
			   score: -3,
			   visited: [_{from:_{x:1,y:1},to:_{x:1,y:2}}]
			 }
Calculated Next Percepts: [bump,stench]completed(7, 0.23437500000000003, 476, 200, ok).
/*Mon Jan 26 20:05:44 2026*/ request(8, 1769454344.322, [peer(ip(127,0,0,1)),method(options),request_uri('/sim'),path('/sim'),http_version(1-1),host(localhost),port(8080),user_agent('Mozilla/5.0 (Windows NT 10.0; Win64; x64; rv:147.0) Gecko/20100101 Firefox/147.0'),access_control_request_method('PUT'),access_control_request_headers('content-type'),referer('http://172.31.128.1:9000/'),origin('http://172.31.128.1:9000'),connection('keep-alive'),sec_fetch_dest(empty),sec_fetch_mode(cors),sec_fetch_site('cross-site'),priority('u=4')]).
completed(8, 0.0, 0, 200, ok).
/*Mon Jan 26 20:05:44 2026*/ request(9, 1769454344.350, [peer(ip(127,0,0,1)),method(put),request_uri('/sim'),path('/sim'),http_version(1-1),host(localhost),port(8080),user_agent('Mozilla/5.0 (Windows NT 10.0; Win64; x64; rv:147.0) Gecko/20100101 Firefox/147.0'),referer('http://172.31.128.1:9000/'),content_type('application/json'),content_length(2305),origin('http://172.31.128.1:9000'),connection('keep-alive'),sec_fetch_dest(empty),sec_fetch_mode(cors),sec_fetch_site('cross-site'),priority('u=0')]).
SIM: Received Action left
Updating State w/ action: leftCalculating effects of left 
Calculated Next Fluents:_{ alive: [_{id:hunter},_{id:wumpus1}],
			   dir: [dir{d:south,h:hunter{id:hunter}}],
			   fat_gold: [_{c:_{x:2,y:3},g:_{id:gold1}}],
			   fat_hunter: _{c:_{x:1,y:2},h:_{id:hunter}},
			   game_state: running,
			   has_arrow: [ _{ a: _{id:arrow1},
					   h: _{id:hunter}
					 }
				      ],
			   has_gold: [],
			   score: -4,
			   visited: [_{from:_{x:1,y:1},to:_{x:1,y:2}}]
			 }
Calculated Next Percepts: [stench]completed(9, 0.203125, 469, 200, ok).
/*Mon Jan 26 20:05:48 2026*/ request(10, 1769454348.569, [peer(ip(127,0,0,1)),method(put),request_uri('/sim'),path('/sim'),http_version(1-1),host(localhost),port(8080),user_agent('Mozilla/5.0 (Windows NT 10.0; Win64; x64; rv:147.0) Gecko/20100101 Firefox/147.0'),referer('http://172.31.128.1:9000/'),content_type('application/json'),content_length(2306),origin('http://172.31.128.1:9000'),connection('keep-alive'),sec_fetch_dest(empty),sec_fetch_mode(cors),sec_fetch_site('cross-site'),priority('u=0')]).
SIM: Received Action move
Updating State w/ action: moveCalculating effects of move 
Trying case 1 for Move 
Trying case 2 for Move 
Trying case 3 for Move 
Calculated Next Fluents:_{ alive: [_{id:hunter},_{id:wumpus1}],
			   dir: [dir{d:south,h:hunter{id:hunter}}],
			   fat_gold: [_{c:_{x:2,y:3},g:_{id:gold1}}],
			   fat_hunter: fat{ c: c{x:1,y:1},
					    h: hunter{id:hunter}
					  },
			   game_state: running,
			   has_arrow: [ _{ a: _{id:arrow1},
					   h: _{id:hunter}
					 }
				      ],
			   has_gold: [],
			   score: -5,
			   visited: [ v{from:c{x:1,y:2},to:c{x:1,y:1}},
				      _{from:_{x:1,y:1},to:_{x:1,y:2}}
				    ]
			 }
Calculated Next Percepts: []completed(10, 0.296875, 521, 200, ok).
server(stopped, 1769454377).
server(started, 1769455465).
/*Mon Jan 26 20:25:00 2026*/ request(1, 1769455500.990, [peer(ip(127,0,0,1)),method(options),request_uri('/default'),path('/default'),http_version(1-1),host(localhost),port(8080),user_agent('Mozilla/5.0 (Windows NT 10.0; Win64; x64; rv:147.0) Gecko/20100101 Firefox/147.0'),access_control_request_method('PUT'),referer('http://172.31.128.1:9000/'),origin('http://172.31.128.1:9000'),connection('keep-alive'),sec_fetch_dest(empty),sec_fetch_mode(cors),sec_fetch_site('cross-site'),priority('u=4')]).
completed(1, 0.03125, 0, 200, ok).
/*Mon Jan 26 20:25:01 2026*/ request(2, 1769455501.045, [peer(ip(127,0,0,1)),method(put),request_uri('/default'),path('/default'),http_version(1-1),host(localhost),port(8080),user_agent('Mozilla/5.0 (Windows NT 10.0; Win64; x64; rv:147.0) Gecko/20100101 Firefox/147.0'),referer('http://172.31.128.1:9000/'),origin('http://172.31.128.1:9000'),connection('keep-alive'),sec_fetch_dest(empty),sec_fetch_mode(cors),sec_fetch_site('cross-site'),priority('u=0'),content_length(0)]).
completed(2, 0.0, 2476, 200, ok).
/*Mon Jan 26 20:25:19 2026*/ request(3, 1769455519.883, [peer(ip(127,0,0,1)),method(options),request_uri('/sim'),path('/sim'),http_version(1-1),host(localhost),port(8080),user_agent('Mozilla/5.0 (Windows NT 10.0; Win64; x64; rv:147.0) Gecko/20100101 Firefox/147.0'),access_control_request_method('PUT'),access_control_request_headers('content-type'),referer('http://172.31.128.1:9000/'),origin('http://172.31.128.1:9000'),connection('keep-alive'),sec_fetch_dest(empty),sec_fetch_mode(cors),sec_fetch_site('cross-site'),priority('u=4')]).
completed(3, 0.0, 0, 200, ok).
/*Mon Jan 26 20:25:19 2026*/ request(4, 1769455519.911, [peer(ip(127,0,0,1)),method(put),request_uri('/sim'),path('/sim'),http_version(1-1),host(localhost),port(8080),user_agent('Mozilla/5.0 (Windows NT 10.0; Win64; x64; rv:147.0) Gecko/20100101 Firefox/147.0'),referer('http://172.31.128.1:9000/'),content_type('application/json'),content_length(2223),origin('http://172.31.128.1:9000'),connection('keep-alive'),sec_fetch_dest(empty),sec_fetch_mode(cors),sec_fetch_site('cross-site'),priority('u=0')]).
SIM: Received Action move
Updating State w/ action: moveCalculating effects of move 
Trying case 1 for Move 
Trying case 2 for Move 
Trying case 3 for Move 
Calculated Next Fluents:_{ alive: [_{id:hunter},_{id:wumpus1}],
			   dir: [dir{d:north,h:hunter{id:hunter}}],
			   fat_gold: [_{c:_{x:2,y:3},g:_{id:gold1}}],
			   fat_hunter: fat{ c: c{x:1,y:2},
					    h: hunter{id:hunter}
					  },
			   game_state: running,
			   has_arrow: [ _{ a: _{id:arrow1},
					   h: _{id:hunter}
					 }
				      ],
			   has_gold: [],
			   score: -1,
			   visited: [v{from:c{x:1,y:1},to:c{x:1,y:2}}]
			 }
Calculated Next Percepts: [stench]completed(4, 0.21875, 469, 200, ok).
server(stopped, 1769456877).
server(started, 1769456883).
/*Mon Jan 26 20:49:13 2026*/ request(1, 1769456953.555, [peer(ip(127,0,0,1)),method(options),request_uri('/default'),path('/default'),http_version(1-1),host(localhost),port(8080),user_agent('Mozilla/5.0 (Windows NT 10.0; Win64; x64; rv:147.0) Gecko/20100101 Firefox/147.0'),access_control_request_method('PUT'),referer('http://172.31.128.1:9000/'),origin('http://172.31.128.1:9000'),connection('keep-alive'),sec_fetch_dest(empty),sec_fetch_mode(cors),sec_fetch_site('cross-site'),priority('u=4')]).
completed(1, 0.03125, 0, 200, ok).
/*Mon Jan 26 20:49:13 2026*/ request(2, 1769456953.636, [peer(ip(127,0,0,1)),method(put),request_uri('/default'),path('/default'),http_version(1-1),host(localhost),port(8080),user_agent('Mozilla/5.0 (Windows NT 10.0; Win64; x64; rv:147.0) Gecko/20100101 Firefox/147.0'),referer('http://172.31.128.1:9000/'),origin('http://172.31.128.1:9000'),connection('keep-alive'),sec_fetch_dest(empty),sec_fetch_mode(cors),sec_fetch_site('cross-site'),priority('u=0'),content_length(0)]).
completed(2, 0.0, 2476, 200, ok).
/*Mon Jan 26 20:49:35 2026*/ request(3, 1769456975.118, [peer(ip(127,0,0,1)),method(options),request_uri('/sim'),path('/sim'),http_version(1-1),host(localhost),port(8080),user_agent('Mozilla/5.0 (Windows NT 10.0; Win64; x64; rv:147.0) Gecko/20100101 Firefox/147.0'),access_control_request_method('PUT'),access_control_request_headers('content-type'),referer('http://172.31.128.1:9000/'),origin('http://172.31.128.1:9000'),connection('keep-alive'),sec_fetch_dest(empty),sec_fetch_mode(cors),sec_fetch_site('cross-site'),priority('u=4')]).
completed(3, 0.0, 0, 200, ok).
/*Mon Jan 26 20:49:35 2026*/ request(4, 1769456975.140, [peer(ip(127,0,0,1)),method(put),request_uri('/sim'),path('/sim'),http_version(1-1),host(localhost),port(8080),user_agent('Mozilla/5.0 (Windows NT 10.0; Win64; x64; rv:147.0) Gecko/20100101 Firefox/147.0'),referer('http://172.31.128.1:9000/'),content_type('application/json'),content_length(2223),origin('http://172.31.128.1:9000'),connection('keep-alive'),sec_fetch_dest(empty),sec_fetch_mode(cors),sec_fetch_site('cross-site'),priority('u=0')]).
SIM: Received Action move
Updating State w/ action: moveCalculating effects of move 
Trying case 1 for Move 
Trying case 2 for Move 
Trying case 3 for Move 
Calculated Next Fluents:_{ alive: [_{id:hunter},_{id:wumpus1}],
			   dir: [dir{d:north,h:hunter{id:hunter}}],
			   fat_gold: [_{c:_{x:2,y:3},g:_{id:gold1}}],
			   fat_hunter: fat{ c: c{x:1,y:2},
					    h: hunter{id:hunter}
					  },
			   game_state: running,
			   has_arrow: [ _{ a: _{id:arrow1},
					   h: _{id:hunter}
					 }
				      ],
			   has_gold: [],
			   score: -1,
			   visited: [v{from:c{x:1,y:1},to:c{x:1,y:2}}]
			 }
Calculated Next Percepts: [stench]completed(4, 0.21875000000000003, 469, 200, ok).
server(started, 1769769648).
/*Fri Jan 30 11:41:34 2026*/ request(1, 1769769694.734, [peer(ip(127,0,0,1)),method(options),request_uri('/default'),path('/default'),http_version(1-1),host(localhost),port(8080),user_agent('Mozilla/5.0 (Windows NT 10.0; Win64; x64; rv:147.0) Gecko/20100101 Firefox/147.0'),access_control_request_method('PUT'),referer('http://localhost:9000/'),origin('http://localhost:9000'),connection('keep-alive'),sec_fetch_dest(empty),sec_fetch_mode(cors),sec_fetch_site('same-site'),priority('u=4')]).
completed(1, 0.0625, 0, 200, ok).
/*Fri Jan 30 11:41:34 2026*/ request(2, 1769769694.814, [peer(ip(127,0,0,1)),method(put),request_uri('/default'),path('/default'),http_version(1-1),host(localhost),port(8080),user_agent('Mozilla/5.0 (Windows NT 10.0; Win64; x64; rv:147.0) Gecko/20100101 Firefox/147.0'),referer('http://localhost:9000/'),origin('http://localhost:9000'),connection('keep-alive'),sec_fetch_dest(empty),sec_fetch_mode(cors),sec_fetch_site('same-site'),priority('u=0'),content_length(0)]).
completed(2, 0.0, 2476, 200, ok).
/*Fri Jan 30 11:41:42 2026*/ request(3, 1769769702.734, [peer(ip(127,0,0,1)),method(options),request_uri('/sim'),path('/sim'),http_version(1-1),host(localhost),port(8080),user_agent('Mozilla/5.0 (Windows NT 10.0; Win64; x64; rv:147.0) Gecko/20100101 Firefox/147.0'),access_control_request_method('PUT'),access_control_request_headers('content-type'),referer('http://localhost:9000/'),origin('http://localhost:9000'),connection('keep-alive'),sec_fetch_dest(empty),sec_fetch_mode(cors),sec_fetch_site('same-site'),priority('u=4')]).
completed(3, 0.0, 0, 200, ok).
/*Fri Jan 30 11:41:42 2026*/ request(4, 1769769702.769, [peer(ip(127,0,0,1)),method(put),request_uri('/sim'),path('/sim'),http_version(1-1),host(localhost),port(8080),user_agent('Mozilla/5.0 (Windows NT 10.0; Win64; x64; rv:147.0) Gecko/20100101 Firefox/147.0'),referer('http://localhost:9000/'),content_type('application/json'),content_length(2223),origin('http://localhost:9000'),connection('keep-alive'),sec_fetch_dest(empty),sec_fetch_mode(cors),sec_fetch_site('same-site'),priority('u=0')]).
SIM: Received Action move
Updating State w/ action: moveCalculating effects of move 
Trying case 1 for Move 
Trying case 2 for Move 
Trying case 3 for Move 
Calculated Next Fluents:_{ alive: [_{id:hunter},_{id:wumpus1}],
			   dir: [dir{d:north,h:hunter{id:hunter}}],
			   fat_gold: [_{c:_{x:2,y:3},g:_{id:gold1}}],
			   fat_hunter: fat{ c: c{x:1,y:2},
					    h: hunter{id:hunter}
					  },
			   game_state: running,
			   has_arrow: [ _{ a: _{id:arrow1},
					   h: _{id:hunter}
					 }
				      ],
			   has_gold: [],
			   score: -1,
			   visited: [v{from:c{x:1,y:1},to:c{x:1,y:2}}]
			 }
Calculated Next Percepts: [stench]completed(4, 0.1875, 469, 200, ok).
/*Fri Jan 30 11:41:45 2026*/ request(5, 1769769705.597, [peer(ip(127,0,0,1)),method(put),request_uri('/sim'),path('/sim'),http_version(1-1),host(localhost),port(8080),user_agent('Mozilla/5.0 (Windows NT 10.0; Win64; x64; rv:147.0) Gecko/20100101 Firefox/147.0'),referer('http://localhost:9000/'),content_type('application/json'),content_length(2266),origin('http://localhost:9000'),connection('keep-alive'),sec_fetch_dest(empty),sec_fetch_mode(cors),sec_fetch_site('same-site'),priority('u=0')]).
SIM: Received Action right
Updating State w/ action: rightCalculating effects of right 
Calculated Next Fluents:_{ alive: [_{id:hunter},_{id:wumpus1}],
			   dir: [dir{d:east,h:hunter{id:hunter}}],
			   fat_gold: [_{c:_{x:2,y:3},g:_{id:gold1}}],
			   fat_hunter: _{c:_{x:1,y:2},h:_{id:hunter}},
			   game_state: running,
			   has_arrow: [ _{ a: _{id:arrow1},
					   h: _{id:hunter}
					 }
				      ],
			   has_gold: [],
			   score: -2,
			   visited: [_{from:_{x:1,y:1},to:_{x:1,y:2}}]
			 }
Calculated Next Percepts: [stench]completed(5, 0.21875, 468, 200, ok).
/*Fri Jan 30 11:51:24 2026*/ request(6, 1769770284.521, [peer(ip(127,0,0,1)),method(options),request_uri('/default'),path('/default'),http_version(1-1),host(localhost),port(8080),user_agent('Mozilla/5.0 (Windows NT 10.0; Win64; x64; rv:147.0) Gecko/20100101 Firefox/147.0'),access_control_request_method('PUT'),referer('http://localhost:9000/'),origin('http://localhost:9000'),connection('keep-alive'),sec_fetch_dest(empty),sec_fetch_mode(cors),sec_fetch_site('same-site'),priority('u=4')]).
completed(6, 0.0, 0, 200, ok).
/*Fri Jan 30 11:51:24 2026*/ request(7, 1769770284.551, [peer(ip(127,0,0,1)),method(put),request_uri('/default'),path('/default'),http_version(1-1),host(localhost),port(8080),user_agent('Mozilla/5.0 (Windows NT 10.0; Win64; x64; rv:147.0) Gecko/20100101 Firefox/147.0'),referer('http://localhost:9000/'),origin('http://localhost:9000'),connection('keep-alive'),sec_fetch_dest(empty),sec_fetch_mode(cors),sec_fetch_site('same-site'),priority('u=0'),content_length(0)]).
completed(7, 0.0, 2476, 200, ok).
server(stopped, 1769770681).
server(started, 1769875709).
/*Sat Jan 31 17:13:32 2026*/ request(1, 1769876012.551, [peer(ip(127,0,0,1)),method(options),request_uri('/default'),path('/default'),http_version(1-1),host(localhost),port(8080),user_agent('Mozilla/5.0 (Windows NT 10.0; Win64; x64; rv:147.0) Gecko/20100101 Firefox/147.0'),access_control_request_method('PUT'),referer('http://localhost:9000/'),origin('http://localhost:9000'),connection('keep-alive'),sec_fetch_dest(empty),sec_fetch_mode(cors),sec_fetch_site('same-site'),priority('u=4')]).
/*Sat Jan 31 17:13:32 2026*/ request(2, 1769876012.620, [peer(ip(127,0,0,1)),method(put),request_uri('/default'),path('/default'),http_version(1-1),host(localhost),port(8080),user_agent('Mozilla/5.0 (Windows NT 10.0; Win64; x64; rv:147.0) Gecko/20100101 Firefox/147.0'),referer('http://localhost:9000/'),origin('http://localhost:9000'),connection('keep-alive'),sec_fetch_dest(empty),sec_fetch_mode(cors),sec_fetch_site('same-site'),priority('u=0'),content_length(0)]).
completed(1, 0.0625, 0, 200, ok).
completed(2, 0.0, 2476, 200, ok).
/*Sat Jan 31 17:16:47 2026*/ request(3, 1769876207.253, [peer(ip(127,0,0,1)),method(options),request_uri('/sim'),path('/sim'),http_version(1-1),host(localhost),port(8080),user_agent('Mozilla/5.0 (Windows NT 10.0; Win64; x64; rv:147.0) Gecko/20100101 Firefox/147.0'),access_control_request_method('PUT'),access_control_request_headers('content-type'),referer('http://localhost:9000/'),origin('http://localhost:9000'),connection('keep-alive'),sec_fetch_dest(empty),sec_fetch_mode(cors),sec_fetch_site('same-site'),priority('u=4')]).
completed(3, 0.0, 0, 200, ok).
/*Sat Jan 31 17:16:47 2026*/ request(4, 1769876207.268, [peer(ip(127,0,0,1)),method(put),request_uri('/sim'),path('/sim'),http_version(1-1),host(localhost),port(8080),user_agent('Mozilla/5.0 (Windows NT 10.0; Win64; x64; rv:147.0) Gecko/20100101 Firefox/147.0'),referer('http://localhost:9000/'),content_type('application/json'),content_length(2223),origin('http://localhost:9000'),connection('keep-alive'),sec_fetch_dest(empty),sec_fetch_mode(cors),sec_fetch_site('same-site'),priority('u=0')]).
SIM: Received Action move
Updating State w/ action: moveCalculating effects of move 
Trying case 1 for Move 
Trying case 2 for Move 
Trying case 3 for Move 
Calculated Next Fluents:_{ alive: [_{id:hunter},_{id:wumpus1}],
			   dir: [dir{d:north,h:hunter{id:hunter}}],
			   fat_gold: [_{c:_{x:2,y:3},g:_{id:gold1}}],
			   fat_hunter: fat{ c: c{x:1,y:2},
					    h: hunter{id:hunter}
					  },
			   game_state: running,
			   has_arrow: [ _{ a: _{id:arrow1},
					   h: _{id:hunter}
					 }
				      ],
			   has_gold: [],
			   score: -1,
			   visited: [v{from:c{x:1,y:1},to:c{x:1,y:2}}]
			 }
Calculated Next Percepts: [stench]completed(4, 0.0625, 469, 200, ok).
/*Sat Jan 31 17:17:28 2026*/ request(5, 1769876248.334, [peer(ip(127,0,0,1)),method(options),request_uri('/default'),path('/default'),http_version(1-1),host(localhost),port(8080),user_agent('Mozilla/5.0 (Windows NT 10.0; Win64; x64; rv:147.0) Gecko/20100101 Firefox/147.0'),access_control_request_method('PUT'),referer('http://localhost:9000/'),origin('http://localhost:9000'),connection('keep-alive'),sec_fetch_dest(empty),sec_fetch_mode(cors),sec_fetch_site('same-site'),priority('u=4')]).
completed(5, 0.0, 0, 200, ok).
/*Sat Jan 31 17:17:28 2026*/ request(6, 1769876248.342, [peer(ip(127,0,0,1)),method(put),request_uri('/default'),path('/default'),http_version(1-1),host(localhost),port(8080),user_agent('Mozilla/5.0 (Windows NT 10.0; Win64; x64; rv:147.0) Gecko/20100101 Firefox/147.0'),referer('http://localhost:9000/'),origin('http://localhost:9000'),connection('keep-alive'),sec_fetch_dest(empty),sec_fetch_mode(cors),sec_fetch_site('same-site'),priority('u=0'),content_length(0)]).
completed(6, 0.0, 2476, 200, ok).
/*Sat Jan 31 17:17:31 2026*/ request(7, 1769876251.814, [peer(ip(127,0,0,1)),method(options),request_uri('/sim'),path('/sim'),http_version(1-1),host(localhost),port(8080),user_agent('Mozilla/5.0 (Windows NT 10.0; Win64; x64; rv:147.0) Gecko/20100101 Firefox/147.0'),access_control_request_method('PUT'),access_control_request_headers('content-type'),referer('http://localhost:9000/'),origin('http://localhost:9000'),connection('keep-alive'),sec_fetch_dest(empty),sec_fetch_mode(cors),sec_fetch_site('same-site'),priority('u=4')]).
completed(7, 0.0, 0, 200, ok).
/*Sat Jan 31 17:17:31 2026*/ request(8, 1769876251.824, [peer(ip(127,0,0,1)),method(put),request_uri('/sim'),path('/sim'),http_version(1-1),host(localhost),port(8080),user_agent('Mozilla/5.0 (Windows NT 10.0; Win64; x64; rv:147.0) Gecko/20100101 Firefox/147.0'),referer('http://localhost:9000/'),content_type('application/json'),content_length(2223),origin('http://localhost:9000'),connection('keep-alive'),sec_fetch_dest(empty),sec_fetch_mode(cors),sec_fetch_site('same-site'),priority('u=0')]).
SIM: Received Action move
Updating State w/ action: moveCalculating effects of move 
Trying case 1 for Move 
Trying case 2 for Move 
Trying case 3 for Move 
Calculated Next Fluents:_{ alive: [_{id:hunter},_{id:wumpus1}],
			   dir: [dir{d:north,h:hunter{id:hunter}}],
			   fat_gold: [_{c:_{x:2,y:3},g:_{id:gold1}}],
			   fat_hunter: fat{ c: c{x:1,y:2},
					    h: hunter{id:hunter}
					  },
			   game_state: running,
			   has_arrow: [ _{ a: _{id:arrow1},
					   h: _{id:hunter}
					 }
				      ],
			   has_gold: [],
			   score: -1,
			   visited: [v{from:c{x:1,y:1},to:c{x:1,y:2}}]
			 }
Calculated Next Percepts: [stench]completed(8, 0.07812500000000001, 469, 200, ok).
/*Sat Jan 31 17:22:42 2026*/ request(9, 1769876562.421, [peer(ip(127,0,0,1)),method(options),request_uri('/default'),path('/default'),http_version(1-1),host(localhost),port(8080),user_agent('Mozilla/5.0 (Windows NT 10.0; Win64; x64; rv:147.0) Gecko/20100101 Firefox/147.0'),access_control_request_method('PUT'),referer('http://localhost:9000/'),origin('http://localhost:9000'),connection('keep-alive'),sec_fetch_dest(empty),sec_fetch_mode(cors),sec_fetch_site('same-site'),priority('u=4')]).
completed(9, 0.015624999999999993, 0, 200, ok).
/*Sat Jan 31 17:22:42 2026*/ request(10, 1769876562.426, [peer(ip(127,0,0,1)),method(put),request_uri('/default'),path('/default'),http_version(1-1),host(localhost),port(8080),user_agent('Mozilla/5.0 (Windows NT 10.0; Win64; x64; rv:147.0) Gecko/20100101 Firefox/147.0'),referer('http://localhost:9000/'),origin('http://localhost:9000'),connection('keep-alive'),sec_fetch_dest(empty),sec_fetch_mode(cors),sec_fetch_site('same-site'),priority('u=0'),content_length(0)]).
completed(10, 0.0, 2476, 200, ok).
/*Sat Jan 31 17:22:46 2026*/ request(11, 1769876566.291, [peer(ip(127,0,0,1)),method(options),request_uri('/sim'),path('/sim'),http_version(1-1),host(localhost),port(8080),user_agent('Mozilla/5.0 (Windows NT 10.0; Win64; x64; rv:147.0) Gecko/20100101 Firefox/147.0'),access_control_request_method('PUT'),access_control_request_headers('content-type'),referer('http://localhost:9000/'),origin('http://localhost:9000'),connection('keep-alive'),sec_fetch_dest(empty),sec_fetch_mode(cors),sec_fetch_site('same-site'),priority('u=4')]).
completed(11, 0.0, 0, 200, ok).
/*Sat Jan 31 17:22:46 2026*/ request(12, 1769876566.305, [peer(ip(127,0,0,1)),method(put),request_uri('/sim'),path('/sim'),http_version(1-1),host(localhost),port(8080),user_agent('Mozilla/5.0 (Windows NT 10.0; Win64; x64; rv:147.0) Gecko/20100101 Firefox/147.0'),referer('http://localhost:9000/'),content_type('application/json'),content_length(2223),origin('http://localhost:9000'),connection('keep-alive'),sec_fetch_dest(empty),sec_fetch_mode(cors),sec_fetch_site('same-site'),priority('u=0')]).
SIM: Received Action move
Updating State w/ action: moveCalculating effects of move 
Trying case 1 for Move 
Trying case 2 for Move 
Trying case 3 for Move 
Calculated Next Fluents:_{ alive: [_{id:hunter},_{id:wumpus1}],
			   dir: [dir{d:north,h:hunter{id:hunter}}],
			   fat_gold: [_{c:_{x:2,y:3},g:_{id:gold1}}],
			   fat_hunter: fat{ c: c{x:1,y:2},
					    h: hunter{id:hunter}
					  },
			   game_state: running,
			   has_arrow: [ _{ a: _{id:arrow1},
					   h: _{id:hunter}
					 }
				      ],
			   has_gold: [],
			   score: -1,
			   visited: [v{from:c{x:1,y:1},to:c{x:1,y:2}}]
			 }
Calculated Next Percepts: [stench]completed(12, 0.0625, 469, 200, ok).
/*Sat Jan 31 17:22:50 2026*/ request(13, 1769876570.212, [peer(ip(127,0,0,1)),method(put),request_uri('/sim'),path('/sim'),http_version(1-1),host(localhost),port(8080),user_agent('Mozilla/5.0 (Windows NT 10.0; Win64; x64; rv:147.0) Gecko/20100101 Firefox/147.0'),referer('http://localhost:9000/'),content_type('application/json'),content_length(2266),origin('http://localhost:9000'),connection('keep-alive'),sec_fetch_dest(empty),sec_fetch_mode(cors),sec_fetch_site('same-site'),priority('u=0')]).
SIM: Received Action right
Updating State w/ action: rightCalculating effects of right 
Calculated Next Fluents:_{ alive: [_{id:hunter},_{id:wumpus1}],
			   dir: [dir{d:east,h:hunter{id:hunter}}],
			   fat_gold: [_{c:_{x:2,y:3},g:_{id:gold1}}],
			   fat_hunter: _{c:_{x:1,y:2},h:_{id:hunter}},
			   game_state: running,
			   has_arrow: [ _{ a: _{id:arrow1},
					   h: _{id:hunter}
					 }
				      ],
			   has_gold: [],
			   score: -2,
			   visited: [_{from:_{x:1,y:1},to:_{x:1,y:2}}]
			 }
Calculated Next Percepts: [stench]completed(13, 0.015625, 468, 200, ok).
/*Sat Jan 31 17:22:51 2026*/ request(14, 1769876571.348, [peer(ip(127,0,0,1)),method(options),request_uri('/sim'),path('/sim'),http_version(1-1),host(localhost),port(8080),user_agent('Mozilla/5.0 (Windows NT 10.0; Win64; x64; rv:147.0) Gecko/20100101 Firefox/147.0'),access_control_request_method('PUT'),access_control_request_headers('content-type'),referer('http://localhost:9000/'),origin('http://localhost:9000'),connection('keep-alive'),sec_fetch_dest(empty),sec_fetch_mode(cors),sec_fetch_site('same-site'),priority('u=4')]).
completed(14, 0.0, 0, 200, ok).
/*Sat Jan 31 17:22:51 2026*/ request(15, 1769876571.361, [peer(ip(127,0,0,1)),method(put),request_uri('/sim'),path('/sim'),http_version(1-1),host(localhost),port(8080),user_agent('Mozilla/5.0 (Windows NT 10.0; Win64; x64; rv:147.0) Gecko/20100101 Firefox/147.0'),referer('http://localhost:9000/'),content_type('application/json'),content_length(2306),origin('http://localhost:9000'),connection('keep-alive'),sec_fetch_dest(empty),sec_fetch_mode(cors),sec_fetch_site('same-site'),priority('u=0')]).
SIM: Received Action move
Updating State w/ action: moveCalculating effects of move 
Trying case 1 for Move 
Trying case 2 for Move 
Trying case 3 for Move 
Calculated Next Fluents:_{ alive: [_{id:hunter},_{id:wumpus1}],
			   dir: [dir{d:east,h:hunter{id:hunter}}],
			   fat_gold: [_{c:_{x:2,y:3},g:_{id:gold1}}],
			   fat_hunter: fat{ c: c{x:2,y:2},
					    h: hunter{id:hunter}
					  },
			   game_state: running,
			   has_arrow: [ _{ a: _{id:arrow1},
					   h: _{id:hunter}
					 }
				      ],
			   has_gold: [],
			   score: -3,
			   visited: [ v{from:c{x:1,y:2},to:c{x:2,y:2}},
				      _{from:_{x:1,y:1},to:_{x:1,y:2}}
				    ]
			 }
Calculated Next Percepts: []completed(15, 0.015625, 520, 200, ok).
/*Sat Jan 31 17:22:52 2026*/ request(16, 1769876572.776, [peer(ip(127,0,0,1)),method(put),request_uri('/sim'),path('/sim'),http_version(1-1),host(localhost),port(8080),user_agent('Mozilla/5.0 (Windows NT 10.0; Win64; x64; rv:147.0) Gecko/20100101 Firefox/147.0'),referer('http://localhost:9000/'),content_type('application/json'),content_length(2347),origin('http://localhost:9000'),connection('keep-alive'),sec_fetch_dest(empty),sec_fetch_mode(cors),sec_fetch_site('same-site'),priority('u=0')]).
SIM: Received Action left
Updating State w/ action: leftCalculating effects of left 
Calculated Next Fluents:_{ alive: [_{id:hunter},_{id:wumpus1}],
			   dir: [dir{d:north,h:hunter{id:hunter}}],
			   fat_gold: [_{c:_{x:2,y:3},g:_{id:gold1}}],
			   fat_hunter: _{c:_{x:2,y:2},h:_{id:hunter}},
			   game_state: running,
			   has_arrow: [ _{ a: _{id:arrow1},
					   h: _{id:hunter}
					 }
				      ],
			   has_gold: [],
			   score: -4,
			   visited: [ _{from:_{x:1,y:2},to:_{x:2,y:2}},
				      _{from:_{x:1,y:1},to:_{x:1,y:2}}
				    ]
			 }
Calculated Next Percepts: []completed(16, 0.046875, 521, 200, ok).
/*Sat Jan 31 17:22:53 2026*/ request(17, 1769876573.927, [peer(ip(127,0,0,1)),method(put),request_uri('/sim'),path('/sim'),http_version(1-1),host(localhost),port(8080),user_agent('Mozilla/5.0 (Windows NT 10.0; Win64; x64; rv:147.0) Gecko/20100101 Firefox/147.0'),referer('http://localhost:9000/'),content_type('application/json'),content_length(2390),origin('http://localhost:9000'),connection('keep-alive'),sec_fetch_dest(empty),sec_fetch_mode(cors),sec_fetch_site('same-site'),priority('u=0')]).
SIM: Received Action move
Updating State w/ action: moveCalculating effects of move 
Trying case 1 for Move 
Trying case 2 for Move 
Trying case 3 for Move 
Calculated Next Fluents:_{ alive: [_{id:hunter},_{id:wumpus1}],
			   dir: [dir{d:north,h:hunter{id:hunter}}],
			   fat_gold: [_{c:_{x:2,y:3},g:_{id:gold1}}],
			   fat_hunter: fat{ c: c{x:2,y:3},
					    h: hunter{id:hunter}
					  },
			   game_state: running,
			   has_arrow: [ _{ a: _{id:arrow1},
					   h: _{id:hunter}
					 }
				      ],
			   has_gold: [],
			   score: -5,
			   visited: [ v{from:c{x:2,y:2},to:c{x:2,y:3}},
				      _{from:_{x:1,y:2},to:_{x:2,y:2}},
				      _{from:_{x:1,y:1},to:_{x:1,y:2}}
				    ]
			 }
Calculated Next Percepts: [glitter,breeze,stench]completed(17, 0.03125, 602, 200, ok).
/*Sat Jan 31 17:22:58 2026*/ request(18, 1769876578.489, [peer(ip(127,0,0,1)),method(options),request_uri('/sim'),path('/sim'),http_version(1-1),host(localhost),port(8080),user_agent('Mozilla/5.0 (Windows NT 10.0; Win64; x64; rv:147.0) Gecko/20100101 Firefox/147.0'),access_control_request_method('PUT'),access_control_request_headers('content-type'),referer('http://localhost:9000/'),origin('http://localhost:9000'),connection('keep-alive'),sec_fetch_dest(empty),sec_fetch_mode(cors),sec_fetch_site('same-site'),priority('u=4')]).
completed(18, 0.0, 0, 200, ok).
/*Sat Jan 31 17:22:58 2026*/ request(19, 1769876578.496, [peer(ip(127,0,0,1)),method(put),request_uri('/sim'),path('/sim'),http_version(1-1),host(localhost),port(8080),user_agent('Mozilla/5.0 (Windows NT 10.0; Win64; x64; rv:147.0) Gecko/20100101 Firefox/147.0'),referer('http://localhost:9000/'),content_type('application/json'),content_length(2433),origin('http://localhost:9000'),connection('keep-alive'),sec_fetch_dest(empty),sec_fetch_mode(cors),sec_fetch_site('same-site'),priority('u=0')]).
SIM: Received Action grab
Updating State w/ action: grabCalculating effects of grab 
Calculated Next Fluents:_{ alive: [_{id:hunter},_{id:wumpus1}],
			   dir: [_{d:north,h:_{id:hunter}}],
			   fat_gold: [],
			   fat_hunter: fat{ c: _{x:2,y:3},
					    h: hunter{id:hunter}
					  },
			   game_state: running,
			   has_arrow: [ _{ a: _{id:arrow1},
					   h: _{id:hunter}
					 }
				      ],
			   has_gold: [ has{ g: gold{id:gold1},
					    h: hunter{id:hunter}
					  }
				     ],
			   score: -6,
			   visited: [ _{from:_{x:2,y:2},to:_{x:2,y:3}},
				      _{from:_{x:1,y:2},to:_{x:2,y:2}},
				      _{from:_{x:1,y:1},to:_{x:1,y:2}}
				    ]
			 }
Calculated Next Percepts: [breeze,stench]completed(19, 0.03125000000000003, 593, 200, ok).
/*Sat Jan 31 17:32:04 2026*/ request(20, 1769877124.864, [peer(ip(127,0,0,1)),method(options),request_uri('/default'),path('/default'),http_version(1-1),host(localhost),port(8080),user_agent('Mozilla/5.0 (Windows NT 10.0; Win64; x64; rv:147.0) Gecko/20100101 Firefox/147.0'),access_control_request_method('PUT'),referer('http://localhost:9000/'),origin('http://localhost:9000'),connection('keep-alive'),sec_fetch_dest(empty),sec_fetch_mode(cors),sec_fetch_site('same-site'),priority('u=4')]).
completed(20, 0.0, 0, 200, ok).
/*Sat Jan 31 17:32:04 2026*/ request(21, 1769877124.872, [peer(ip(127,0,0,1)),method(put),request_uri('/default'),path('/default'),http_version(1-1),host(localhost),port(8080),user_agent('Mozilla/5.0 (Windows NT 10.0; Win64; x64; rv:147.0) Gecko/20100101 Firefox/147.0'),referer('http://localhost:9000/'),origin('http://localhost:9000'),connection('keep-alive'),sec_fetch_dest(empty),sec_fetch_mode(cors),sec_fetch_site('same-site'),priority('u=0'),content_length(0)]).
completed(21, 0.0, 2476, 200, ok).
/*Sat Jan 31 18:06:57 2026*/ request(22, 1769879217.106, [peer(ip(127,0,0,1)),method(options),request_uri('/default'),path('/default'),http_version(1-1),host(localhost),port(8080),user_agent('Mozilla/5.0 (Windows NT 10.0; Win64; x64; rv:147.0) Gecko/20100101 Firefox/147.0'),access_control_request_method('PUT'),referer('http://localhost:9000/'),origin('http://localhost:9000'),connection('keep-alive'),sec_fetch_dest(empty),sec_fetch_mode(cors),sec_fetch_site('same-site'),priority('u=4')]).
completed(22, 0.0, 0, 200, ok).
/*Sat Jan 31 18:06:57 2026*/ request(23, 1769879217.114, [peer(ip(127,0,0,1)),method(put),request_uri('/default'),path('/default'),http_version(1-1),host(localhost),port(8080),user_agent('Mozilla/5.0 (Windows NT 10.0; Win64; x64; rv:147.0) Gecko/20100101 Firefox/147.0'),referer('http://localhost:9000/'),origin('http://localhost:9000'),connection('keep-alive'),sec_fetch_dest(empty),sec_fetch_mode(cors),sec_fetch_site('same-site'),priority('u=0'),content_length(0)]).
completed(23, 0.0, 2476, 200, ok).
/*Sat Jan 31 18:07:05 2026*/ request(24, 1769879225.908, [peer(ip(127,0,0,1)),method(options),request_uri('/sim'),path('/sim'),http_version(1-1),host(localhost),port(8080),user_agent('Mozilla/5.0 (Windows NT 10.0; Win64; x64; rv:147.0) Gecko/20100101 Firefox/147.0'),access_control_request_method('PUT'),access_control_request_headers('content-type'),referer('http://localhost:9000/'),origin('http://localhost:9000'),connection('keep-alive'),sec_fetch_dest(empty),sec_fetch_mode(cors),sec_fetch_site('same-site'),priority('u=4')]).
completed(24, 0.0, 0, 200, ok).
/*Sat Jan 31 18:07:05 2026*/ request(25, 1769879225.919, [peer(ip(127,0,0,1)),method(put),request_uri('/sim'),path('/sim'),http_version(1-1),host(localhost),port(8080),user_agent('Mozilla/5.0 (Windows NT 10.0; Win64; x64; rv:147.0) Gecko/20100101 Firefox/147.0'),referer('http://localhost:9000/'),content_type('application/json'),content_length(2223),origin('http://localhost:9000'),connection('keep-alive'),sec_fetch_dest(empty),sec_fetch_mode(cors),sec_fetch_site('same-site'),priority('u=0')]).
SIM: Received Action move
Updating State w/ action: moveCalculating effects of move 
Trying case 1 for Move 
Trying case 2 for Move 
Trying case 3 for Move 
Calculated Next Fluents:_{ alive: [_{id:hunter},_{id:wumpus1}],
			   dir: [dir{d:north,h:hunter{id:hunter}}],
			   fat_gold: [_{c:_{x:2,y:3},g:_{id:gold1}}],
			   fat_hunter: fat{ c: c{x:1,y:2},
					    h: hunter{id:hunter}
					  },
			   game_state: running,
			   has_arrow: [ _{ a: _{id:arrow1},
					   h: _{id:hunter}
					 }
				      ],
			   has_gold: [],
			   score: -1,
			   visited: [v{from:c{x:1,y:1},to:c{x:1,y:2}}]
			 }
Calculated Next Percepts: [stench]completed(25, 0.03125, 469, 200, ok).
/*Sat Jan 31 18:07:11 2026*/ request(26, 1769879231.168, [peer(ip(127,0,0,1)),method(options),request_uri('/sim'),path('/sim'),http_version(1-1),host(localhost),port(8080),user_agent('Mozilla/5.0 (Windows NT 10.0; Win64; x64; rv:147.0) Gecko/20100101 Firefox/147.0'),access_control_request_method('PUT'),access_control_request_headers('content-type'),referer('http://localhost:9000/'),origin('http://localhost:9000'),connection('keep-alive'),sec_fetch_dest(empty),sec_fetch_mode(cors),sec_fetch_site('same-site'),priority('u=4')]).
completed(26, 0.0, 0, 200, ok).
/*Sat Jan 31 18:07:11 2026*/ request(27, 1769879231.179, [peer(ip(127,0,0,1)),method(put),request_uri('/sim'),path('/sim'),http_version(1-1),host(localhost),port(8080),user_agent('Mozilla/5.0 (Windows NT 10.0; Win64; x64; rv:147.0) Gecko/20100101 Firefox/147.0'),referer('http://localhost:9000/'),content_type('application/json'),content_length(2266),origin('http://localhost:9000'),connection('keep-alive'),sec_fetch_dest(empty),sec_fetch_mode(cors),sec_fetch_site('same-site'),priority('u=0')]).
SIM: Received Action right
Updating State w/ action: rightCalculating effects of right 
Calculated Next Fluents:_{ alive: [_{id:hunter},_{id:wumpus1}],
			   dir: [dir{d:east,h:hunter{id:hunter}}],
			   fat_gold: [_{c:_{x:2,y:3},g:_{id:gold1}}],
			   fat_hunter: _{c:_{x:1,y:2},h:_{id:hunter}},
			   game_state: running,
			   has_arrow: [ _{ a: _{id:arrow1},
					   h: _{id:hunter}
					 }
				      ],
			   has_gold: [],
			   score: -2,
			   visited: [_{from:_{x:1,y:1},to:_{x:1,y:2}}]
			 }
Calculated Next Percepts: [stench]completed(27, 0.031249999999999944, 468, 200, ok).
/*Sat Jan 31 18:07:15 2026*/ request(28, 1769879235.346, [peer(ip(127,0,0,1)),method(put),request_uri('/sim'),path('/sim'),http_version(1-1),host(localhost),port(8080),user_agent('Mozilla/5.0 (Windows NT 10.0; Win64; x64; rv:147.0) Gecko/20100101 Firefox/147.0'),referer('http://localhost:9000/'),content_type('application/json'),content_length(2306),origin('http://localhost:9000'),connection('keep-alive'),sec_fetch_dest(empty),sec_fetch_mode(cors),sec_fetch_site('same-site'),priority('u=0')]).
SIM: Received Action left
Updating State w/ action: leftCalculating effects of left 
Calculated Next Fluents:_{ alive: [_{id:hunter},_{id:wumpus1}],
			   dir: [dir{d:north,h:hunter{id:hunter}}],
			   fat_gold: [_{c:_{x:2,y:3},g:_{id:gold1}}],
			   fat_hunter: _{c:_{x:1,y:2},h:_{id:hunter}},
			   game_state: running,
			   has_arrow: [ _{ a: _{id:arrow1},
					   h: _{id:hunter}
					 }
				      ],
			   has_gold: [],
			   score: -3,
			   visited: [_{from:_{x:1,y:1},to:_{x:1,y:2}}]
			 }
Calculated Next Percepts: [stench]completed(28, 0.03125, 469, 200, ok).
/*Sat Jan 31 18:07:18 2026*/ request(29, 1769879238.466, [peer(ip(127,0,0,1)),method(options),request_uri('/sim'),path('/sim'),http_version(1-1),host(localhost),port(8080),user_agent('Mozilla/5.0 (Windows NT 10.0; Win64; x64; rv:147.0) Gecko/20100101 Firefox/147.0'),access_control_request_method('PUT'),access_control_request_headers('content-type'),referer('http://localhost:9000/'),origin('http://localhost:9000'),connection('keep-alive'),sec_fetch_dest(empty),sec_fetch_mode(cors),sec_fetch_site('same-site'),priority('u=4')]).
completed(29, 0.0, 0, 200, ok).
/*Sat Jan 31 18:07:18 2026*/ request(30, 1769879238.474, [peer(ip(127,0,0,1)),method(put),request_uri('/sim'),path('/sim'),http_version(1-1),host(localhost),port(8080),user_agent('Mozilla/5.0 (Windows NT 10.0; Win64; x64; rv:147.0) Gecko/20100101 Firefox/147.0'),referer('http://localhost:9000/'),content_type('application/json'),content_length(2306),origin('http://localhost:9000'),connection('keep-alive'),sec_fetch_dest(empty),sec_fetch_mode(cors),sec_fetch_site('same-site'),priority('u=0')]).
SIM: Received Action move
Updating State w/ action: moveCalculating effects of move 
Trying case 1 for Move 
Trying case 2 for Move 
Calculated Next Fluents:_{ alive: [_{id:wumpus1}],
			   dir: [dir{d:north,h:hunter{id:hunter}}],
			   fat_gold: [_{c:_{x:2,y:3},g:_{id:gold1}}],
			   fat_hunter: fat{ c: c{x:1,y:3},
					    h: hunter{id:hunter}
					  },
			   game_state: finished,
			   has_arrow: [ _{ a: _{id:arrow1},
					   h: _{id:hunter}
					 }
				      ],
			   has_gold: [],
			   score: -1003,
			   visited: [_{from:_{x:1,y:1},to:_{x:1,y:2}}]
			 }
Calculated Next Percepts: []completed(30, 0.03125, 446, 200, ok).
/*Sat Jan 31 18:07:26 2026*/ request(31, 1769879246.436, [peer(ip(127,0,0,1)),method(options),request_uri('/default'),path('/default'),http_version(1-1),host(localhost),port(8080),user_agent('Mozilla/5.0 (Windows NT 10.0; Win64; x64; rv:147.0) Gecko/20100101 Firefox/147.0'),access_control_request_method('PUT'),referer('http://localhost:9000/'),origin('http://localhost:9000'),connection('keep-alive'),sec_fetch_dest(empty),sec_fetch_mode(cors),sec_fetch_site('same-site'),priority('u=4')]).
completed(31, 0.0, 0, 200, ok).
/*Sat Jan 31 18:07:26 2026*/ request(32, 1769879246.442, [peer(ip(127,0,0,1)),method(put),request_uri('/default'),path('/default'),http_version(1-1),host(localhost),port(8080),user_agent('Mozilla/5.0 (Windows NT 10.0; Win64; x64; rv:147.0) Gecko/20100101 Firefox/147.0'),referer('http://localhost:9000/'),origin('http://localhost:9000'),connection('keep-alive'),sec_fetch_dest(empty),sec_fetch_mode(cors),sec_fetch_site('same-site'),priority('u=0'),content_length(0)]).
completed(32, 0.0, 2476, 200, ok).
/*Sat Jan 31 18:07:27 2026*/ request(33, 1769879247.954, [peer(ip(127,0,0,1)),method(options),request_uri('/sim'),path('/sim'),http_version(1-1),host(localhost),port(8080),user_agent('Mozilla/5.0 (Windows NT 10.0; Win64; x64; rv:147.0) Gecko/20100101 Firefox/147.0'),access_control_request_method('PUT'),access_control_request_headers('content-type'),referer('http://localhost:9000/'),origin('http://localhost:9000'),connection('keep-alive'),sec_fetch_dest(empty),sec_fetch_mode(cors),sec_fetch_site('same-site'),priority('u=4')]).
completed(33, 0.0, 0, 200, ok).
/*Sat Jan 31 18:07:27 2026*/ request(34, 1769879247.966, [peer(ip(127,0,0,1)),method(put),request_uri('/sim'),path('/sim'),http_version(1-1),host(localhost),port(8080),user_agent('Mozilla/5.0 (Windows NT 10.0; Win64; x64; rv:147.0) Gecko/20100101 Firefox/147.0'),referer('http://localhost:9000/'),content_type('application/json'),content_length(2223),origin('http://localhost:9000'),connection('keep-alive'),sec_fetch_dest(empty),sec_fetch_mode(cors),sec_fetch_site('same-site'),priority('u=0')]).
SIM: Received Action move
Updating State w/ action: moveCalculating effects of move 
Trying case 1 for Move 
Trying case 2 for Move 
Trying case 3 for Move 
Calculated Next Fluents:_{ alive: [_{id:hunter},_{id:wumpus1}],
			   dir: [dir{d:north,h:hunter{id:hunter}}],
			   fat_gold: [_{c:_{x:2,y:3},g:_{id:gold1}}],
			   fat_hunter: fat{ c: c{x:1,y:2},
					    h: hunter{id:hunter}
					  },
			   game_state: running,
			   has_arrow: [ _{ a: _{id:arrow1},
					   h: _{id:hunter}
					 }
				      ],
			   has_gold: [],
			   score: -1,
			   visited: [v{from:c{x:1,y:1},to:c{x:1,y:2}}]
			 }
Calculated Next Percepts: [stench]completed(34, 0.03125, 469, 200, ok).
/*Sat Jan 31 18:07:28 2026*/ request(35, 1769879248.967, [peer(ip(127,0,0,1)),method(put),request_uri('/sim'),path('/sim'),http_version(1-1),host(localhost),port(8080),user_agent('Mozilla/5.0 (Windows NT 10.0; Win64; x64; rv:147.0) Gecko/20100101 Firefox/147.0'),referer('http://localhost:9000/'),content_type('application/json'),content_length(2266),origin('http://localhost:9000'),connection('keep-alive'),sec_fetch_dest(empty),sec_fetch_mode(cors),sec_fetch_site('same-site'),priority('u=0')]).
SIM: Received Action right
Updating State w/ action: rightCalculating effects of right 
Calculated Next Fluents:_{ alive: [_{id:hunter},_{id:wumpus1}],
			   dir: [dir{d:east,h:hunter{id:hunter}}],
			   fat_gold: [_{c:_{x:2,y:3},g:_{id:gold1}}],
			   fat_hunter: _{c:_{x:1,y:2},h:_{id:hunter}},
			   game_state: running,
			   has_arrow: [ _{ a: _{id:arrow1},
					   h: _{id:hunter}
					 }
				      ],
			   has_gold: [],
			   score: -2,
			   visited: [_{from:_{x:1,y:1},to:_{x:1,y:2}}]
			 }
Calculated Next Percepts: [stench]completed(35, 0.03125, 468, 200, ok).
/*Sat Jan 31 18:07:30 2026*/ request(36, 1769879250.446, [peer(ip(127,0,0,1)),method(put),request_uri('/sim'),path('/sim'),http_version(1-1),host(localhost),port(8080),user_agent('Mozilla/5.0 (Windows NT 10.0; Win64; x64; rv:147.0) Gecko/20100101 Firefox/147.0'),referer('http://localhost:9000/'),content_type('application/json'),content_length(2306),origin('http://localhost:9000'),connection('keep-alive'),sec_fetch_dest(empty),sec_fetch_mode(cors),sec_fetch_site('same-site'),priority('u=0')]).
SIM: Received Action move
Updating State w/ action: moveCalculating effects of move 
Trying case 1 for Move 
Trying case 2 for Move 
Trying case 3 for Move 
Calculated Next Fluents:_{ alive: [_{id:hunter},_{id:wumpus1}],
			   dir: [dir{d:east,h:hunter{id:hunter}}],
			   fat_gold: [_{c:_{x:2,y:3},g:_{id:gold1}}],
			   fat_hunter: fat{ c: c{x:2,y:2},
					    h: hunter{id:hunter}
					  },
			   game_state: running,
			   has_arrow: [ _{ a: _{id:arrow1},
					   h: _{id:hunter}
					 }
				      ],
			   has_gold: [],
			   score: -3,
			   visited: [ v{from:c{x:1,y:2},to:c{x:2,y:2}},
				      _{from:_{x:1,y:1},to:_{x:1,y:2}}
				    ]
			 }
Calculated Next Percepts: []completed(36, 0.046875, 520, 200, ok).
/*Sat Jan 31 18:07:31 2026*/ request(37, 1769879251.472, [peer(ip(127,0,0,1)),method(put),request_uri('/sim'),path('/sim'),http_version(1-1),host(localhost),port(8080),user_agent('Mozilla/5.0 (Windows NT 10.0; Win64; x64; rv:147.0) Gecko/20100101 Firefox/147.0'),referer('http://localhost:9000/'),content_type('application/json'),content_length(2347),origin('http://localhost:9000'),connection('keep-alive'),sec_fetch_dest(empty),sec_fetch_mode(cors),sec_fetch_site('same-site'),priority('u=0')]).
SIM: Received Action left
Updating State w/ action: leftCalculating effects of left 
Calculated Next Fluents:_{ alive: [_{id:hunter},_{id:wumpus1}],
			   dir: [dir{d:north,h:hunter{id:hunter}}],
			   fat_gold: [_{c:_{x:2,y:3},g:_{id:gold1}}],
			   fat_hunter: _{c:_{x:2,y:2},h:_{id:hunter}},
			   game_state: running,
			   has_arrow: [ _{ a: _{id:arrow1},
					   h: _{id:hunter}
					 }
				      ],
			   has_gold: [],
			   score: -4,
			   visited: [ _{from:_{x:1,y:2},to:_{x:2,y:2}},
				      _{from:_{x:1,y:1},to:_{x:1,y:2}}
				    ]
			 }
Calculated Next Percepts: []completed(37, 0.015625, 521, 200, ok).
/*Sat Jan 31 18:07:32 2026*/ request(38, 1769879252.339, [peer(ip(127,0,0,1)),method(put),request_uri('/sim'),path('/sim'),http_version(1-1),host(localhost),port(8080),user_agent('Mozilla/5.0 (Windows NT 10.0; Win64; x64; rv:147.0) Gecko/20100101 Firefox/147.0'),referer('http://localhost:9000/'),content_type('application/json'),content_length(2390),origin('http://localhost:9000'),connection('keep-alive'),sec_fetch_dest(empty),sec_fetch_mode(cors),sec_fetch_site('same-site'),priority('u=0')]).
SIM: Received Action move
Updating State w/ action: moveCalculating effects of move 
Trying case 1 for Move 
Trying case 2 for Move 
Trying case 3 for Move 
Calculated Next Fluents:_{ alive: [_{id:hunter},_{id:wumpus1}],
			   dir: [dir{d:north,h:hunter{id:hunter}}],
			   fat_gold: [_{c:_{x:2,y:3},g:_{id:gold1}}],
			   fat_hunter: fat{ c: c{x:2,y:3},
					    h: hunter{id:hunter}
					  },
			   game_state: running,
			   has_arrow: [ _{ a: _{id:arrow1},
					   h: _{id:hunter}
					 }
				      ],
			   has_gold: [],
			   score: -5,
			   visited: [ v{from:c{x:2,y:2},to:c{x:2,y:3}},
				      _{from:_{x:1,y:2},to:_{x:2,y:2}},
				      _{from:_{x:1,y:1},to:_{x:1,y:2}}
				    ]
			 }
Calculated Next Percepts: [glitter,breeze,stench]completed(38, 0.015625, 602, 200, ok).
/*Sat Jan 31 18:34:21 2026*/ request(39, 1769880861.710, [peer(ip(127,0,0,1)),method(options),request_uri('/default'),path('/default'),http_version(1-1),host(localhost),port(8080),user_agent('Mozilla/5.0 (Windows NT 10.0; Win64; x64; rv:147.0) Gecko/20100101 Firefox/147.0'),access_control_request_method('PUT'),referer('http://localhost:9000/'),origin('http://localhost:9000'),connection('keep-alive'),sec_fetch_dest(empty),sec_fetch_mode(cors),sec_fetch_site('same-site'),priority('u=4')]).
completed(39, 0.0, 0, 200, ok).
/*Sat Jan 31 18:34:21 2026*/ request(40, 1769880861.715, [peer(ip(127,0,0,1)),method(put),request_uri('/default'),path('/default'),http_version(1-1),host(localhost),port(8080),user_agent('Mozilla/5.0 (Windows NT 10.0; Win64; x64; rv:147.0) Gecko/20100101 Firefox/147.0'),referer('http://localhost:9000/'),origin('http://localhost:9000'),connection('keep-alive'),sec_fetch_dest(empty),sec_fetch_mode(cors),sec_fetch_site('same-site'),priority('u=0'),content_length(0)]).
completed(40, 0.0, 2476, 200, ok).
/*Sat Jan 31 18:34:29 2026*/ request(41, 1769880869.324, [peer(ip(127,0,0,1)),method(options),request_uri('/sim'),path('/sim'),http_version(1-1),host(localhost),port(8080),user_agent('Mozilla/5.0 (Windows NT 10.0; Win64; x64; rv:147.0) Gecko/20100101 Firefox/147.0'),access_control_request_method('PUT'),access_control_request_headers('content-type'),referer('http://localhost:9000/'),origin('http://localhost:9000'),connection('keep-alive'),sec_fetch_dest(empty),sec_fetch_mode(cors),sec_fetch_site('same-site'),priority('u=4')]).
completed(41, 0.015625, 0, 200, ok).
/*Sat Jan 31 18:34:29 2026*/ request(42, 1769880869.332, [peer(ip(127,0,0,1)),method(put),request_uri('/sim'),path('/sim'),http_version(1-1),host(localhost),port(8080),user_agent('Mozilla/5.0 (Windows NT 10.0; Win64; x64; rv:147.0) Gecko/20100101 Firefox/147.0'),referer('http://localhost:9000/'),content_type('application/json'),content_length(2307),origin('http://localhost:9000'),connection('keep-alive'),sec_fetch_dest(empty),sec_fetch_mode(cors),sec_fetch_site('same-site'),priority('u=0')]).
SIM: Received Action move
Updating State w/ action: moveCalculating effects of move 
Trying case 1 for Move 
Trying case 2 for Move 
Trying case 3 for Move 
Calculated Next Fluents:_{ alive: [_{id:hunter},_{id:wumpus1}],
			   dir: [dir{d:north,h:hunter{id:hunter}}],
			   fat_gold: [_{c:_{x:2,y:3},g:_{id:gold1}}],
			   fat_hunter: fat{ c: c{x:1,y:2},
					    h: hunter{id:hunter}
					  },
			   game_state: running,
			   has_arrow: [ _{ a: _{id:arrow1},
					   h: _{id:hunter}
					 }
				      ],
			   has_gold: [],
			   score: -1,
			   visited: [v{from:c{x:1,y:1},to:c{x:1,y:2}}]
			 }
Calculated Next Percepts: [stench]completed(42, 0.046875, 469, 200, ok).
/*Sat Jan 31 18:54:57 2026*/ request(43, 1769882097.642, [peer(ip(127,0,0,1)),method(options),request_uri('/default'),path('/default'),http_version(1-1),host(localhost),port(8080),user_agent('Mozilla/5.0 (Windows NT 10.0; Win64; x64; rv:147.0) Gecko/20100101 Firefox/147.0'),access_control_request_method('PUT'),referer('http://localhost:9000/'),origin('http://localhost:9000'),connection('keep-alive'),sec_fetch_dest(empty),sec_fetch_mode(cors),sec_fetch_site('same-site'),priority('u=4')]).
completed(43, 0.0, 0, 200, ok).
/*Sat Jan 31 18:54:57 2026*/ request(44, 1769882097.651, [peer(ip(127,0,0,1)),method(put),request_uri('/default'),path('/default'),http_version(1-1),host(localhost),port(8080),user_agent('Mozilla/5.0 (Windows NT 10.0; Win64; x64; rv:147.0) Gecko/20100101 Firefox/147.0'),referer('http://localhost:9000/'),origin('http://localhost:9000'),connection('keep-alive'),sec_fetch_dest(empty),sec_fetch_mode(cors),sec_fetch_site('same-site'),priority('u=0'),content_length(0)]).
completed(44, 0.0, 2476, 200, ok).
/*Sat Jan 31 18:55:04 2026*/ request(45, 1769882104.944, [peer(ip(127,0,0,1)),method(options),request_uri('/sim'),path('/sim'),http_version(1-1),host(localhost),port(8080),user_agent('Mozilla/5.0 (Windows NT 10.0; Win64; x64; rv:147.0) Gecko/20100101 Firefox/147.0'),access_control_request_method('PUT'),access_control_request_headers('content-type'),referer('http://localhost:9000/'),origin('http://localhost:9000'),connection('keep-alive'),sec_fetch_dest(empty),sec_fetch_mode(cors),sec_fetch_site('same-site'),priority('u=4')]).
completed(45, 0.0, 0, 200, ok).
/*Sat Jan 31 18:55:04 2026*/ request(46, 1769882104.954, [peer(ip(127,0,0,1)),method(put),request_uri('/sim'),path('/sim'),http_version(1-1),host(localhost),port(8080),user_agent('Mozilla/5.0 (Windows NT 10.0; Win64; x64; rv:147.0) Gecko/20100101 Firefox/147.0'),referer('http://localhost:9000/'),content_type('application/json'),content_length(2223),origin('http://localhost:9000'),connection('keep-alive'),sec_fetch_dest(empty),sec_fetch_mode(cors),sec_fetch_site('same-site'),priority('u=0')]).
SIM: Received Action move
Updating State w/ action: moveCalculating effects of move 
Trying case 1 for Move 
Trying case 2 for Move 
Trying case 3 for Move 
Calculated Next Fluents:_{ alive: [_{id:hunter},_{id:wumpus1}],
			   dir: [dir{d:north,h:hunter{id:hunter}}],
			   fat_gold: [_{c:_{x:2,y:3},g:_{id:gold1}}],
			   fat_hunter: fat{ c: c{x:1,y:2},
					    h: hunter{id:hunter}
					  },
			   game_state: running,
			   has_arrow: [ _{ a: _{id:arrow1},
					   h: _{id:hunter}
					 }
				      ],
			   has_gold: [],
			   score: -1,
			   visited: [v{from:c{x:1,y:1},to:c{x:1,y:2}}]
			 }
Calculated Next Percepts: [stench]completed(46, 0.015625, 469, 200, ok).
/*Sat Jan 31 18:55:36 2026*/ request(47, 1769882136.893, [peer(ip(127,0,0,1)),method(options),request_uri('/sim'),path('/sim'),http_version(1-1),host(localhost),port(8080),user_agent('Mozilla/5.0 (Windows NT 10.0; Win64; x64; rv:147.0) Gecko/20100101 Firefox/147.0'),access_control_request_method('PUT'),access_control_request_headers('content-type'),referer('http://localhost:9000/'),origin('http://localhost:9000'),connection('keep-alive'),sec_fetch_dest(empty),sec_fetch_mode(cors),sec_fetch_site('same-site'),priority('u=4')]).
completed(47, 0.0, 0, 200, ok).
/*Sat Jan 31 18:55:36 2026*/ request(48, 1769882136.903, [peer(ip(127,0,0,1)),method(put),request_uri('/sim'),path('/sim'),http_version(1-1),host(localhost),port(8080),user_agent('Mozilla/5.0 (Windows NT 10.0; Win64; x64; rv:147.0) Gecko/20100101 Firefox/147.0'),referer('http://localhost:9000/'),content_type('application/json'),content_length(2266),origin('http://localhost:9000'),connection('keep-alive'),sec_fetch_dest(empty),sec_fetch_mode(cors),sec_fetch_site('same-site'),priority('u=0')]).
SIM: Received Action right
Updating State w/ action: rightCalculating effects of right 
Calculated Next Fluents:_{ alive: [_{id:hunter},_{id:wumpus1}],
			   dir: [dir{d:east,h:hunter{id:hunter}}],
			   fat_gold: [_{c:_{x:2,y:3},g:_{id:gold1}}],
			   fat_hunter: _{c:_{x:1,y:2},h:_{id:hunter}},
			   game_state: running,
			   has_arrow: [ _{ a: _{id:arrow1},
					   h: _{id:hunter}
					 }
				      ],
			   has_gold: [],
			   score: -2,
			   visited: [_{from:_{x:1,y:1},to:_{x:1,y:2}}]
			 }
Calculated Next Percepts: [stench]completed(48, 0.03125, 468, 200, ok).
/*Sat Jan 31 18:55:38 2026*/ request(49, 1769882138.069, [peer(ip(127,0,0,1)),method(put),request_uri('/sim'),path('/sim'),http_version(1-1),host(localhost),port(8080),user_agent('Mozilla/5.0 (Windows NT 10.0; Win64; x64; rv:147.0) Gecko/20100101 Firefox/147.0'),referer('http://localhost:9000/'),content_type('application/json'),content_length(2306),origin('http://localhost:9000'),connection('keep-alive'),sec_fetch_dest(empty),sec_fetch_mode(cors),sec_fetch_site('same-site'),priority('u=0')]).
SIM: Received Action move
Updating State w/ action: moveCalculating effects of move 
Trying case 1 for Move 
Trying case 2 for Move 
Trying case 3 for Move 
Calculated Next Fluents:_{ alive: [_{id:hunter},_{id:wumpus1}],
			   dir: [dir{d:east,h:hunter{id:hunter}}],
			   fat_gold: [_{c:_{x:2,y:3},g:_{id:gold1}}],
			   fat_hunter: fat{ c: c{x:2,y:2},
					    h: hunter{id:hunter}
					  },
			   game_state: running,
			   has_arrow: [ _{ a: _{id:arrow1},
					   h: _{id:hunter}
					 }
				      ],
			   has_gold: [],
			   score: -3,
			   visited: [ v{from:c{x:1,y:2},to:c{x:2,y:2}},
				      _{from:_{x:1,y:1},to:_{x:1,y:2}}
				    ]
			 }
Calculated Next Percepts: []completed(49, 0.0625, 520, 200, ok).
/*Sat Jan 31 18:55:39 2026*/ request(50, 1769882139.171, [peer(ip(127,0,0,1)),method(put),request_uri('/sim'),path('/sim'),http_version(1-1),host(localhost),port(8080),user_agent('Mozilla/5.0 (Windows NT 10.0; Win64; x64; rv:147.0) Gecko/20100101 Firefox/147.0'),referer('http://localhost:9000/'),content_type('application/json'),content_length(2347),origin('http://localhost:9000'),connection('keep-alive'),sec_fetch_dest(empty),sec_fetch_mode(cors),sec_fetch_site('same-site'),priority('u=0')]).
SIM: Received Action left
Updating State w/ action: leftCalculating effects of left 
Calculated Next Fluents:_{ alive: [_{id:hunter},_{id:wumpus1}],
			   dir: [dir{d:north,h:hunter{id:hunter}}],
			   fat_gold: [_{c:_{x:2,y:3},g:_{id:gold1}}],
			   fat_hunter: _{c:_{x:2,y:2},h:_{id:hunter}},
			   game_state: running,
			   has_arrow: [ _{ a: _{id:arrow1},
					   h: _{id:hunter}
					 }
				      ],
			   has_gold: [],
			   score: -4,
			   visited: [ _{from:_{x:1,y:2},to:_{x:2,y:2}},
				      _{from:_{x:1,y:1},to:_{x:1,y:2}}
				    ]
			 }
Calculated Next Percepts: []completed(50, 0.046874999999999944, 521, 200, ok).
/*Sat Jan 31 18:55:40 2026*/ request(51, 1769882140.065, [peer(ip(127,0,0,1)),method(put),request_uri('/sim'),path('/sim'),http_version(1-1),host(localhost),port(8080),user_agent('Mozilla/5.0 (Windows NT 10.0; Win64; x64; rv:147.0) Gecko/20100101 Firefox/147.0'),referer('http://localhost:9000/'),content_type('application/json'),content_length(2390),origin('http://localhost:9000'),connection('keep-alive'),sec_fetch_dest(empty),sec_fetch_mode(cors),sec_fetch_site('same-site'),priority('u=0')]).
SIM: Received Action move
Updating State w/ action: moveCalculating effects of move 
Trying case 1 for Move 
Trying case 2 for Move 
Trying case 3 for Move 
Calculated Next Fluents:_{ alive: [_{id:hunter},_{id:wumpus1}],
			   dir: [dir{d:north,h:hunter{id:hunter}}],
			   fat_gold: [_{c:_{x:2,y:3},g:_{id:gold1}}],
			   fat_hunter: fat{ c: c{x:2,y:3},
					    h: hunter{id:hunter}
					  },
			   game_state: running,
			   has_arrow: [ _{ a: _{id:arrow1},
					   h: _{id:hunter}
					 }
				      ],
			   has_gold: [],
			   score: -5,
			   visited: [ v{from:c{x:2,y:2},to:c{x:2,y:3}},
				      _{from:_{x:1,y:2},to:_{x:2,y:2}},
				      _{from:_{x:1,y:1},to:_{x:1,y:2}}
				    ]
			 }
Calculated Next Percepts: [glitter,breeze,stench]completed(51, 0.03125, 602, 200, ok).
/*Sat Jan 31 19:27:08 2026*/ request(52, 1769884028.962, [peer(ip(127,0,0,1)),method(options),request_uri('/default'),path('/default'),http_version(1-1),host(localhost),port(8080),user_agent('Mozilla/5.0 (Windows NT 10.0; Win64; x64; rv:147.0) Gecko/20100101 Firefox/147.0'),access_control_request_method('PUT'),referer('http://localhost:9000/'),origin('http://localhost:9000'),connection('keep-alive'),sec_fetch_dest(empty),sec_fetch_mode(cors),sec_fetch_site('same-site'),priority('u=4')]).
completed(52, 0.0, 0, 200, ok).
/*Sat Jan 31 19:27:08 2026*/ request(53, 1769884028.972, [peer(ip(127,0,0,1)),method(put),request_uri('/default'),path('/default'),http_version(1-1),host(localhost),port(8080),user_agent('Mozilla/5.0 (Windows NT 10.0; Win64; x64; rv:147.0) Gecko/20100101 Firefox/147.0'),referer('http://localhost:9000/'),origin('http://localhost:9000'),connection('keep-alive'),sec_fetch_dest(empty),sec_fetch_mode(cors),sec_fetch_site('same-site'),priority('u=0'),content_length(0)]).
completed(53, 0.0, 2476, 200, ok).
/*Sat Jan 31 19:27:21 2026*/ request(54, 1769884041.323, [peer(ip(127,0,0,1)),method(options),request_uri('/sim'),path('/sim'),http_version(1-1),host(localhost),port(8080),user_agent('Mozilla/5.0 (Windows NT 10.0; Win64; x64; rv:147.0) Gecko/20100101 Firefox/147.0'),access_control_request_method('PUT'),access_control_request_headers('content-type'),referer('http://localhost:9000/'),origin('http://localhost:9000'),connection('keep-alive'),sec_fetch_dest(empty),sec_fetch_mode(cors),sec_fetch_site('same-site'),priority('u=4')]).
completed(54, 0.0, 0, 200, ok).
/*Sat Jan 31 19:27:21 2026*/ request(55, 1769884041.333, [peer(ip(127,0,0,1)),method(put),request_uri('/sim'),path('/sim'),http_version(1-1),host(localhost),port(8080),user_agent('Mozilla/5.0 (Windows NT 10.0; Win64; x64; rv:147.0) Gecko/20100101 Firefox/147.0'),referer('http://localhost:9000/'),content_type('application/json'),content_length(2307),origin('http://localhost:9000'),connection('keep-alive'),sec_fetch_dest(empty),sec_fetch_mode(cors),sec_fetch_site('same-site'),priority('u=0')]).
SIM: Received Action move
Updating State w/ action: moveCalculating effects of move 
Trying case 1 for Move 
Trying case 2 for Move 
Trying case 3 for Move 
Calculated Next Fluents:_{ alive: [_{id:hunter},_{id:wumpus1}],
			   dir: [dir{d:north,h:hunter{id:hunter}}],
			   fat_gold: [_{c:_{x:2,y:3},g:_{id:gold1}}],
			   fat_hunter: fat{ c: c{x:1,y:2},
					    h: hunter{id:hunter}
					  },
			   game_state: running,
			   has_arrow: [ _{ a: _{id:arrow1},
					   h: _{id:hunter}
					 }
				      ],
			   has_gold: [],
			   score: -1,
			   visited: [v{from:c{x:1,y:1},to:c{x:1,y:2}}]
			 }
Calculated Next Percepts: [stench]completed(55, 0.03125, 469, 200, ok).
/*Sat Jan 31 19:27:33 2026*/ request(56, 1769884053.087, [peer(ip(127,0,0,1)),method(options),request_uri('/sim'),path('/sim'),http_version(1-1),host(localhost),port(8080),user_agent('Mozilla/5.0 (Windows NT 10.0; Win64; x64; rv:147.0) Gecko/20100101 Firefox/147.0'),access_control_request_method('PUT'),access_control_request_headers('content-type'),referer('http://localhost:9000/'),origin('http://localhost:9000'),connection('keep-alive'),sec_fetch_dest(empty),sec_fetch_mode(cors),sec_fetch_site('same-site'),priority('u=4')]).
completed(56, 0.0, 0, 200, ok).
/*Sat Jan 31 19:27:33 2026*/ request(57, 1769884053.099, [peer(ip(127,0,0,1)),method(put),request_uri('/sim'),path('/sim'),http_version(1-1),host(localhost),port(8080),user_agent('Mozilla/5.0 (Windows NT 10.0; Win64; x64; rv:147.0) Gecko/20100101 Firefox/147.0'),referer('http://localhost:9000/'),content_type('application/json'),content_length(2266),origin('http://localhost:9000'),connection('keep-alive'),sec_fetch_dest(empty),sec_fetch_mode(cors),sec_fetch_site('same-site'),priority('u=0')]).
SIM: Received Action right
Updating State w/ action: rightCalculating effects of right 
Calculated Next Fluents:_{ alive: [_{id:hunter},_{id:wumpus1}],
			   dir: [dir{d:east,h:hunter{id:hunter}}],
			   fat_gold: [_{c:_{x:2,y:3},g:_{id:gold1}}],
			   fat_hunter: _{c:_{x:1,y:2},h:_{id:hunter}},
			   game_state: running,
			   has_arrow: [ _{ a: _{id:arrow1},
					   h: _{id:hunter}
					 }
				      ],
			   has_gold: [],
			   score: -2,
			   visited: [_{from:_{x:1,y:1},to:_{x:1,y:2}}]
			 }
Calculated Next Percepts: [stench]completed(57, 0.046875, 468, 200, ok).
/*Sat Jan 31 19:27:34 2026*/ request(58, 1769884054.549, [peer(ip(127,0,0,1)),method(put),request_uri('/sim'),path('/sim'),http_version(1-1),host(localhost),port(8080),user_agent('Mozilla/5.0 (Windows NT 10.0; Win64; x64; rv:147.0) Gecko/20100101 Firefox/147.0'),referer('http://localhost:9000/'),content_type('application/json'),content_length(2306),origin('http://localhost:9000'),connection('keep-alive'),sec_fetch_dest(empty),sec_fetch_mode(cors),sec_fetch_site('same-site'),priority('u=0')]).
SIM: Received Action move
Updating State w/ action: moveCalculating effects of move 
Trying case 1 for Move 
Trying case 2 for Move 
Trying case 3 for Move 
Calculated Next Fluents:_{ alive: [_{id:hunter},_{id:wumpus1}],
			   dir: [dir{d:east,h:hunter{id:hunter}}],
			   fat_gold: [_{c:_{x:2,y:3},g:_{id:gold1}}],
			   fat_hunter: fat{ c: c{x:2,y:2},
					    h: hunter{id:hunter}
					  },
			   game_state: running,
			   has_arrow: [ _{ a: _{id:arrow1},
					   h: _{id:hunter}
					 }
				      ],
			   has_gold: [],
			   score: -3,
			   visited: [ v{from:c{x:1,y:2},to:c{x:2,y:2}},
				      _{from:_{x:1,y:1},to:_{x:1,y:2}}
				    ]
			 }
Calculated Next Percepts: []completed(58, 0.03125, 520, 200, ok).
/*Sat Jan 31 19:27:35 2026*/ request(59, 1769884055.719, [peer(ip(127,0,0,1)),method(put),request_uri('/sim'),path('/sim'),http_version(1-1),host(localhost),port(8080),user_agent('Mozilla/5.0 (Windows NT 10.0; Win64; x64; rv:147.0) Gecko/20100101 Firefox/147.0'),referer('http://localhost:9000/'),content_type('application/json'),content_length(2347),origin('http://localhost:9000'),connection('keep-alive'),sec_fetch_dest(empty),sec_fetch_mode(cors),sec_fetch_site('same-site'),priority('u=0')]).
SIM: Received Action left
Updating State w/ action: leftCalculating effects of left 
Calculated Next Fluents:_{ alive: [_{id:hunter},_{id:wumpus1}],
			   dir: [dir{d:north,h:hunter{id:hunter}}],
			   fat_gold: [_{c:_{x:2,y:3},g:_{id:gold1}}],
			   fat_hunter: _{c:_{x:2,y:2},h:_{id:hunter}},
			   game_state: running,
			   has_arrow: [ _{ a: _{id:arrow1},
					   h: _{id:hunter}
					 }
				      ],
			   has_gold: [],
			   score: -4,
			   visited: [ _{from:_{x:1,y:2},to:_{x:2,y:2}},
				      _{from:_{x:1,y:1},to:_{x:1,y:2}}
				    ]
			 }
Calculated Next Percepts: []completed(59, 0.03125, 521, 200, ok).
/*Sat Jan 31 19:27:36 2026*/ request(60, 1769884056.872, [peer(ip(127,0,0,1)),method(put),request_uri('/sim'),path('/sim'),http_version(1-1),host(localhost),port(8080),user_agent('Mozilla/5.0 (Windows NT 10.0; Win64; x64; rv:147.0) Gecko/20100101 Firefox/147.0'),referer('http://localhost:9000/'),content_type('application/json'),content_length(2390),origin('http://localhost:9000'),connection('keep-alive'),sec_fetch_dest(empty),sec_fetch_mode(cors),sec_fetch_site('same-site'),priority('u=0')]).
SIM: Received Action move
Updating State w/ action: moveCalculating effects of move 
Trying case 1 for Move 
Trying case 2 for Move 
Trying case 3 for Move 
Calculated Next Fluents:_{ alive: [_{id:hunter},_{id:wumpus1}],
			   dir: [dir{d:north,h:hunter{id:hunter}}],
			   fat_gold: [_{c:_{x:2,y:3},g:_{id:gold1}}],
			   fat_hunter: fat{ c: c{x:2,y:3},
					    h: hunter{id:hunter}
					  },
			   game_state: running,
			   has_arrow: [ _{ a: _{id:arrow1},
					   h: _{id:hunter}
					 }
				      ],
			   has_gold: [],
			   score: -5,
			   visited: [ v{from:c{x:2,y:2},to:c{x:2,y:3}},
				      _{from:_{x:1,y:2},to:_{x:2,y:2}},
				      _{from:_{x:1,y:1},to:_{x:1,y:2}}
				    ]
			 }
Calculated Next Percepts: [glitter,breeze,stench]completed(60, 0.015625, 602, 200, ok).
