server(started, 1769948538).
/*Sun Feb 01 13:22:17 2026*/ request(1, 1769948537.759, [peer(ip(127,0,0,1)),method(options),request_uri('/action'),path('/action'),http_version(1-1),host(localhost),port(8081),user_agent('Mozilla/5.0 (Windows NT 10.0; Win64; x64; rv:147.0) Gecko/20100101 Firefox/147.0'),access_control_request_method('PUT'),access_control_request_headers('content-type'),referer('http://localhost:9000/'),origin('http://localhost:9000'),connection('keep-alive'),sec_fetch_dest(empty),sec_fetch_mode(cors),sec_fetch_site('same-site'),priority('u=4')]).
completed(1, 0.03125, 0, 200, ok).
/*Sun Feb 01 13:22:17 2026*/ request(2, 1769948537.771, [peer(ip(127,0,0,1)),method(put),request_uri('/action'),path('/action'),http_version(1-1),host(localhost),port(8081),user_agent('Mozilla/5.0 (Windows NT 10.0; Win64; x64; rv:147.0) Gecko/20100101 Firefox/147.0'),referer('http://localhost:9000/'),content_type('application/json'),content_length(1875),origin('http://localhost:9000'),connection('keep-alive'),sec_fetch_dest(empty),sec_fetch_mode(cors),sec_fetch_site('same-site'),priority('u=0')]).
completed(2, 0.015625, 68, 500, error("Arguments are not sufficiently instantiated")).
server(stopped, 1769948625).
server(started, 1769948641).
/*Sun Feb 01 13:24:00 2026*/ request(1, 1769948640.868, [peer(ip(127,0,0,1)),method(options),request_uri('/action'),path('/action'),http_version(1-1),host(localhost),port(8081),user_agent('Mozilla/5.0 (Windows NT 10.0; Win64; x64; rv:147.0) Gecko/20100101 Firefox/147.0'),access_control_request_method('PUT'),access_control_request_headers('content-type'),referer('http://localhost:9000/'),origin('http://localhost:9000'),connection('keep-alive'),sec_fetch_dest(empty),sec_fetch_mode(cors),sec_fetch_site('same-site'),priority('u=4')]).
completed(1, 0.015625, 0, 200, ok).
/*Sun Feb 01 13:24:00 2026*/ request(2, 1769948640.881, [peer(ip(127,0,0,1)),method(put),request_uri('/action'),path('/action'),http_version(1-1),host(localhost),port(8081),user_agent('Mozilla/5.0 (Windows NT 10.0; Win64; x64; rv:147.0) Gecko/20100101 Firefox/147.0'),referer('http://localhost:9000/'),content_type('application/json'),content_length(1875),origin('http://localhost:9000'),connection('keep-alive'),sec_fetch_dest(empty),sec_fetch_mode(cors),sec_fetch_site('same-site'),priority('u=0')]).
completed(2, 0.015625, 138, 500, error("format/2: I/O error in write on stream <stream>(000001b968026fa0) (Encoding cannot represent character)")).
server(stopped, 1769948777).
server(started, 1769948787).
/*Sun Feb 01 13:26:27 2026*/ request(1, 1769948787.379, [peer(ip(127,0,0,1)),method(options),request_uri('/action'),path('/action'),http_version(1-1),host(localhost),port(8081),user_agent('Mozilla/5.0 (Windows NT 10.0; Win64; x64; rv:147.0) Gecko/20100101 Firefox/147.0'),access_control_request_method('PUT'),access_control_request_headers('content-type'),referer('http://localhost:9000/'),origin('http://localhost:9000'),connection('keep-alive'),sec_fetch_dest(empty),sec_fetch_mode(cors),sec_fetch_site('same-site'),priority('u=4')]).
completed(1, 0.015625, 0, 200, ok).
/*Sun Feb 01 13:26:27 2026*/ request(2, 1769948787.392, [peer(ip(127,0,0,1)),method(put),request_uri('/action'),path('/action'),http_version(1-1),host(localhost),port(8081),user_agent('Mozilla/5.0 (Windows NT 10.0; Win64; x64; rv:147.0) Gecko/20100101 Firefox/147.0'),referer('http://localhost:9000/'),content_type('application/json'),content_length(1875),origin('http://localhost:9000'),connection('keep-alive'),sec_fetch_dest(empty),sec_fetch_mode(cors),sec_fetch_site('same-site'),priority('u=0')]).
completed(2, 0.0, 138, 500, error("format/2: I/O error in write on stream <stream>(0000019907ea51b0) (Encoding cannot represent character)")).
server(stopped, 1769948865).
server(started, 1769948875).
/*Sun Feb 01 13:27:54 2026*/ request(1, 1769948874.825, [peer(ip(127,0,0,1)),method(options),request_uri('/action'),path('/action'),http_version(1-1),host(localhost),port(8081),user_agent('Mozilla/5.0 (Windows NT 10.0; Win64; x64; rv:147.0) Gecko/20100101 Firefox/147.0'),access_control_request_method('PUT'),access_control_request_headers('content-type'),referer('http://localhost:9000/'),origin('http://localhost:9000'),connection('keep-alive'),sec_fetch_dest(empty),sec_fetch_mode(cors),sec_fetch_site('same-site'),priority('u=4')]).
completed(1, 0.015625, 0, 200, ok).
/*Sun Feb 01 13:27:54 2026*/ request(2, 1769948874.838, [peer(ip(127,0,0,1)),method(put),request_uri('/action'),path('/action'),http_version(1-1),host(localhost),port(8081),user_agent('Mozilla/5.0 (Windows NT 10.0; Win64; x64; rv:147.0) Gecko/20100101 Firefox/147.0'),referer('http://localhost:9000/'),content_type('application/json'),content_length(1875),origin('http://localhost:9000'),connection('keep-alive'),sec_fetch_dest(empty),sec_fetch_mode(cors),sec_fetch_site('same-site'),priority('u=0')]).
completed(2, 0.0, 49, 500, error("Illegal HTTP parameter: ")).
/*Sun Feb 01 13:28:02 2026*/ request(3, 1769948882.218, [peer(ip(127,0,0,1)),method(options),request_uri('/action'),path('/action'),http_version(1-1),host(localhost),port(8081),user_agent('Mozilla/5.0 (Windows NT 10.0; Win64; x64; rv:147.0) Gecko/20100101 Firefox/147.0'),access_control_request_method('PUT'),access_control_request_headers('content-type'),referer('http://localhost:9000/'),origin('http://localhost:9000'),connection('keep-alive'),sec_fetch_dest(empty),sec_fetch_mode(cors),sec_fetch_site('same-site'),priority('u=4')]).
completed(3, 0.0, 0, 200, ok).
/*Sun Feb 01 13:28:02 2026*/ request(4, 1769948882.221, [peer(ip(127,0,0,1)),method(put),request_uri('/action'),path('/action'),http_version(1-1),host(localhost),port(8081),user_agent('Mozilla/5.0 (Windows NT 10.0; Win64; x64; rv:147.0) Gecko/20100101 Firefox/147.0'),referer('http://localhost:9000/'),content_type('application/json'),content_length(1875),origin('http://localhost:9000'),connection('keep-alive'),sec_fetch_dest(empty),sec_fetch_mode(cors),sec_fetch_site('same-site'),priority('u=0')]).
completed(4, 0.0, 49, 500, error("Illegal HTTP parameter: ")).
server(stopped, 1769948964).
/*Sun Feb 01 13:29:28 2026*/ request(1, 1769948968.768, [peer(ip(127,0,0,1)),method(options),request_uri('/action'),path('/action'),http_version(1-1),host(localhost),port(8081),user_agent('Mozilla/5.0 (Windows NT 10.0; Win64; x64; rv:147.0) Gecko/20100101 Firefox/147.0'),access_control_request_method('PUT'),access_control_request_headers('content-type'),referer('http://localhost:9000/'),origin('http://localhost:9000'),connection('keep-alive'),sec_fetch_dest(empty),sec_fetch_mode(cors),sec_fetch_site('same-site'),priority('u=4')]).
completed(1, 0.015625, 0, 200, ok).
/*Sun Feb 01 13:29:28 2026*/ request(2, 1769948968.781, [peer(ip(127,0,0,1)),method(put),request_uri('/action'),path('/action'),http_version(1-1),host(localhost),port(8081),user_agent('Mozilla/5.0 (Windows NT 10.0; Win64; x64; rv:147.0) Gecko/20100101 Firefox/147.0'),referer('http://localhost:9000/'),content_type('application/json'),content_length(1875),origin('http://localhost:9000'),connection('keep-alive'),sec_fetch_dest(empty),sec_fetch_mode(cors),sec_fetch_site('same-site'),priority('u=0')]).
completed(2, 0.0, 2346, 200, ok).

/*Sun Feb 01 15:03:53 2026*/ request(7, 1769954633.489, [peer(ip(127,0,0,1)),method(options),request_uri('/action'),path('/action'),http_version(1-1),host(localhost),port(8081),user_agent('Mozilla/5.0 (Windows NT 10.0; Win64; x64; rv:147.0) Gecko/20100101 Firefox/147.0'),access_control_request_method('PUT'),access_control_request_headers('content-type'),referer('http://localhost:9000/'),origin('http://localhost:9000'),connection('keep-alive'),sec_fetch_dest(empty),sec_fetch_mode(cors),sec_fetch_site('same-site'),priority('u=4')]).
completed(7, 0.0, 0, 200, ok).
/*Sun Feb 01 15:03:53 2026*/ request(8, 1769954633.491, [peer(ip(127,0,0,1)),method(put),request_uri('/action'),path('/action'),http_version(1-1),host(localhost),port(8081),user_agent('Mozilla/5.0 (Windows NT 10.0; Win64; x64; rv:147.0) Gecko/20100101 Firefox/147.0'),referer('http://localhost:9000/'),content_type('application/json'),content_length(1929),origin('http://localhost:9000'),connection('keep-alive'),sec_fetch_dest(empty),sec_fetch_mode(cors),sec_fetch_site('same-site'),priority('u=0')]).
Hunter received beliefs: _22742{breezesuspectCells:[],certain_eternals:_21362{cells:[_14718{x:0,y:0},_14794{x:1,y:0},_14870{x:2,y:0},_14946{x:3,y:0},_15022{x:4,y:0},_15098{x:5,y:0},_15174{x:0,y:1},_15250{x:1,y:1},_15326{x:2,y:1},_15402{x:3,y:1},_15478{x:4,y:1},_15554{x:5,y:1},_15630{x:0,y:2},_15706{x:1,y:2},_15782{x:2,y:2},_15858{x:3,y:2},_15934{x:4,y:2},_16010{x:5,y:2},_16086{x:0,y:3},_16162{x:1,y:3},_16238{x:2,y:3},_16314{x:3,y:3},_16390{x:4,y:3},_16466{x:5,y:3},_16542{x:0,y:4},_16618{x:1,y:4},_16694{x:2,y:4},_16770{x:3,y:4},_16846{x:4,y:4},_16922{x:5,y:4},_16998{x:0,y:5},_17074{x:1,y:5},_17150{x:2,y:5},_17226{x:3,y:5},_17302{x:4,y:5},_17378{x:5,y:5}],eat_exit:_17572{c:_17506{x:1,y:1},e:_17564{id:exit}},eat_walls:[_17778{c:_17712{x:5,y:5},w:_17770{id:wall20}},_17966{c:_17900{x:4,y:5},w:_17958{id:wall19}},_18154{c:_18088{x:3,y:5},w:_18146{id:wall18}},_18342{c:_18276{x:2,y:5},w:_18334{id:wall17}},_18530{c:_18464{x:1,y:5},w:_18522{id:wall16}},_18718{c:_18652{x:0,y:5},w:_18710{id:wall15}},_18906{c:_18840{x:5,y:4},w:_18898{id:wall14}},_19094{c:_19028{x:0,y:4},w:_19086{id:wall13}},_19282{c:_19216{x:5,y:3},w:_19274{id:wall12}},_19470{c:_19404{x:0,y:3},w:_19462{id:wall11}},_19658{c:_19592{x:5,y:2},w:_19650{id:wall10}},_19846{c:_19780{x:0,y:2},w:_19838{id:wall9}},_20034{c:_19968{x:5,y:1},w:_20026{id:wall8}},_20222{c:_20156{x:0,y:1},w:_20214{id:wall7}},_20410{c:_20344{x:5,y:0},w:_20402{id:wall6}},_20598{c:_20532{x:4,y:0},w:_20590{id:wall5}},_20786{c:_20720{x:3,y:0},w:_20778{id:wall4}},_20974{c:_20908{x:2,y:0},w:_20966{id:wall3}},_21162{c:_21096{x:1,y:0},w:_21154{id:wall2}},_21350{c:_21284{x:0,y:0},w:_21342{id:wall1}}]},certain_fluents:_22160{alive:[_21566{id:hunter}],dir:[_21698{d:north,h:_21690{id:hunter}}],fat_gold:[],fat_hunter:_21910{c:_21844{x:1,y:1},h:_21902{id:hunter}},game_state:running,has_arrow:[_22100{a:_22038{id:arrow1},h:_22092{id:hunter}}],has_gold:[],score:0,visited:[]},pitCells:[],safeCells:[_22300{x:1,y:2},_22376{x:2,y:2}],stenchsuspectCells:[_22470{x:1,y:1},_22546{x:1,y:3}],step:0,uncertain_eternals:_22652{eat_pit:[],eat_wumpus:[]},uncertain_fluents:_22716{fatal:[]},wumpusCells:[]}
Hunter received percepts: []
Trying case 1 for Move 
Trying case 2 for Move 
Action: MOVE (Beliefs updated)
completed(8, 0.0, 2408, 200, ok).
/*Sun Feb 01 15:03:54 2026*/ request(9, 1769954634.586, [peer(ip(127,0,0,1)),method(put),request_uri('/action'),path('/action'),http_version(1-1),host(localhost),port(8081),user_agent('Mozilla/5.0 (Windows NT 10.0; Win64; x64; rv:147.0) Gecko/20100101 Firefox/147.0'),referer('http://localhost:9000/'),content_type('application/json'),content_length(1929),origin('http://localhost:9000'),connection('keep-alive'),sec_fetch_dest(empty),sec_fetch_mode(cors),sec_fetch_site('same-site'),priority('u=0')]).
Hunter received beliefs: _22742{breezesuspectCells:[],certain_eternals:_21362{cells:[_14718{x:0,y:0},_14794{x:1,y:0},_14870{x:2,y:0},_14946{x:3,y:0},_15022{x:4,y:0},_15098{x:5,y:0},_15174{x:0,y:1},_15250{x:1,y:1},_15326{x:2,y:1},_15402{x:3,y:1},_15478{x:4,y:1},_15554{x:5,y:1},_15630{x:0,y:2},_15706{x:1,y:2},_15782{x:2,y:2},_15858{x:3,y:2},_15934{x:4,y:2},_16010{x:5,y:2},_16086{x:0,y:3},_16162{x:1,y:3},_16238{x:2,y:3},_16314{x:3,y:3},_16390{x:4,y:3},_16466{x:5,y:3},_16542{x:0,y:4},_16618{x:1,y:4},_16694{x:2,y:4},_16770{x:3,y:4},_16846{x:4,y:4},_16922{x:5,y:4},_16998{x:0,y:5},_17074{x:1,y:5},_17150{x:2,y:5},_17226{x:3,y:5},_17302{x:4,y:5},_17378{x:5,y:5}],eat_exit:_17572{c:_17506{x:1,y:1},e:_17564{id:exit}},eat_walls:[_17778{c:_17712{x:5,y:5},w:_17770{id:wall20}},_17966{c:_17900{x:4,y:5},w:_17958{id:wall19}},_18154{c:_18088{x:3,y:5},w:_18146{id:wall18}},_18342{c:_18276{x:2,y:5},w:_18334{id:wall17}},_18530{c:_18464{x:1,y:5},w:_18522{id:wall16}},_18718{c:_18652{x:0,y:5},w:_18710{id:wall15}},_18906{c:_18840{x:5,y:4},w:_18898{id:wall14}},_19094{c:_19028{x:0,y:4},w:_19086{id:wall13}},_19282{c:_19216{x:5,y:3},w:_19274{id:wall12}},_19470{c:_19404{x:0,y:3},w:_19462{id:wall11}},_19658{c:_19592{x:5,y:2},w:_19650{id:wall10}},_19846{c:_19780{x:0,y:2},w:_19838{id:wall9}},_20034{c:_19968{x:5,y:1},w:_20026{id:wall8}},_20222{c:_20156{x:0,y:1},w:_20214{id:wall7}},_20410{c:_20344{x:5,y:0},w:_20402{id:wall6}},_20598{c:_20532{x:4,y:0},w:_20590{id:wall5}},_20786{c:_20720{x:3,y:0},w:_20778{id:wall4}},_20974{c:_20908{x:2,y:0},w:_20966{id:wall3}},_21162{c:_21096{x:1,y:0},w:_21154{id:wall2}},_21350{c:_21284{x:0,y:0},w:_21342{id:wall1}}]},certain_fluents:_22160{alive:[_21566{id:hunter}],dir:[_21698{d:north,h:_21690{id:hunter}}],fat_gold:[],fat_hunter:_21910{c:_21844{x:1,y:1},h:_21902{id:hunter}},game_state:running,has_arrow:[_22100{a:_22038{id:arrow1},h:_22092{id:hunter}}],has_gold:[],score:0,visited:[]},pitCells:[],safeCells:[_22300{x:1,y:2},_22376{x:2,y:2}],stenchsuspectCells:[_22470{x:1,y:1},_22546{x:1,y:3}],step:0,uncertain_eternals:_22652{eat_pit:[],eat_wumpus:[]},uncertain_fluents:_22716{fatal:[]},wumpusCells:[]}
Hunter received percepts: []
Trying case 1 for Move 
Trying case 2 for Move 
Action: MOVE (Beliefs updated)
completed(9, 0.0, 2408, 200, ok).
server(stopped, 1769954700).
server(started, 1769954822).
/*Sun Feb 01 15:07:01 2026*/ request(1, 1769954821.894, [peer(ip(127,0,0,1)),method(options),request_uri('/action'),path('/action'),http_version(1-1),host(localhost),port(8081),user_agent('Mozilla/5.0 (Windows NT 10.0; Win64; x64; rv:147.0) Gecko/20100101 Firefox/147.0'),access_control_request_method('PUT'),access_control_request_headers('content-type'),referer('http://localhost:9000/'),origin('http://localhost:9000'),connection('keep-alive'),sec_fetch_dest(empty),sec_fetch_mode(cors),sec_fetch_site('same-site'),priority('u=4')]).
completed(1, 0.015625, 0, 200, ok).
/*Sun Feb 01 15:07:01 2026*/ request(2, 1769954821.908, [peer(ip(127,0,0,1)),method(put),request_uri('/action'),path('/action'),http_version(1-1),host(localhost),port(8081),user_agent('Mozilla/5.0 (Windows NT 10.0; Win64; x64; rv:147.0) Gecko/20100101 Firefox/147.0'),referer('http://localhost:9000/'),content_type('application/json'),content_length(1875),origin('http://localhost:9000'),connection('keep-alive'),sec_fetch_dest(empty),sec_fetch_mode(cors),sec_fetch_site('same-site'),priority('u=0')]).
completed(2, 0.0, 2346, 200, ok).
/*Sun Feb 01 15:07:07 2026*/ request(3, 1769954827.927, [peer(ip(127,0,0,1)),method(options),request_uri('/action'),path('/action'),http_version(1-1),host(localhost),port(8081),user_agent('Mozilla/5.0 (Windows NT 10.0; Win64; x64; rv:147.0) Gecko/20100101 Firefox/147.0'),access_control_request_method('PUT'),access_control_request_headers('content-type'),referer('http://localhost:9000/'),origin('http://localhost:9000'),connection('keep-alive'),sec_fetch_dest(empty),sec_fetch_mode(cors),sec_fetch_site('same-site'),priority('u=4')]).
completed(3, 0.0, 0, 200, ok).
/*Sun Feb 01 15:07:07 2026*/ request(4, 1769954827.930, [peer(ip(127,0,0,1)),method(put),request_uri('/action'),path('/action'),http_version(1-1),host(localhost),port(8081),user_agent('Mozilla/5.0 (Windows NT 10.0; Win64; x64; rv:147.0) Gecko/20100101 Firefox/147.0'),referer('http://localhost:9000/'),content_type('application/json'),content_length(1937),origin('http://localhost:9000'),connection('keep-alive'),sec_fetch_dest(empty),sec_fetch_mode(cors),sec_fetch_site('same-site'),priority('u=0')]).
completed(4, 0.0, 2417, 200, ok).
/*Sun Feb 01 15:07:26 2026*/ request(5, 1769954846.075, [peer(ip(127,0,0,1)),method(options),request_uri('/action'),path('/action'),http_version(1-1),host(localhost),port(8081),user_agent('Mozilla/5.0 (Windows NT 10.0; Win64; x64; rv:147.0) Gecko/20100101 Firefox/147.0'),access_control_request_method('PUT'),access_control_request_headers('content-type'),referer('http://localhost:9000/'),origin('http://localhost:9000'),connection('keep-alive'),sec_fetch_dest(empty),sec_fetch_mode(cors),sec_fetch_site('same-site'),priority('u=4')]).
completed(5, 0.0, 0, 200, ok).
/*Sun Feb 01 15:07:26 2026*/ request(6, 1769954846.077, [peer(ip(127,0,0,1)),method(put),request_uri('/action'),path('/action'),http_version(1-1),host(localhost),port(8081),user_agent('Mozilla/5.0 (Windows NT 10.0; Win64; x64; rv:147.0) Gecko/20100101 Firefox/147.0'),referer('http://localhost:9000/'),content_type('application/json'),content_length(1937),origin('http://localhost:9000'),connection('keep-alive'),sec_fetch_dest(empty),sec_fetch_mode(cors),sec_fetch_site('same-site'),priority('u=0')]).
completed(6, 0.0, 2417, 200, ok).
/*Sun Feb 01 15:07:32 2026*/ request(7, 1769954852.278, [peer(ip(127,0,0,1)),method(options),request_uri('/action'),path('/action'),http_version(1-1),host(localhost),port(8081),user_agent('Mozilla/5.0 (Windows NT 10.0; Win64; x64; rv:147.0) Gecko/20100101 Firefox/147.0'),access_control_request_method('PUT'),access_control_request_headers('content-type'),referer('http://localhost:9000/'),origin('http://localhost:9000'),connection('keep-alive'),sec_fetch_dest(empty),sec_fetch_mode(cors),sec_fetch_site('same-site'),priority('u=4')]).
completed(7, 0.0, 0, 200, ok).
/*Sun Feb 01 15:07:32 2026*/ request(8, 1769954852.281, [peer(ip(127,0,0,1)),method(put),request_uri('/action'),path('/action'),http_version(1-1),host(localhost),port(8081),user_agent('Mozilla/5.0 (Windows NT 10.0; Win64; x64; rv:147.0) Gecko/20100101 Firefox/147.0'),referer('http://localhost:9000/'),content_type('application/json'),content_length(1937),origin('http://localhost:9000'),connection('keep-alive'),sec_fetch_dest(empty),sec_fetch_mode(cors),sec_fetch_site('same-site'),priority('u=0')]).
completed(8, 0.0, 2417, 200, ok).
server(stopped, 1769954987).
server(started, 1769955435).
/*Sun Feb 01 15:17:14 2026*/ request(1, 1769955434.765, [peer(ip(127,0,0,1)),method(options),request_uri('/action'),path('/action'),http_version(1-1),host(localhost),port(8081),user_agent('Mozilla/5.0 (Windows NT 10.0; Win64; x64; rv:147.0) Gecko/20100101 Firefox/147.0'),access_control_request_method('PUT'),access_control_request_headers('content-type'),referer('http://localhost:9000/'),origin('http://localhost:9000'),connection('keep-alive'),sec_fetch_dest(empty),sec_fetch_mode(cors),sec_fetch_site('same-site'),priority('u=4')]).
completed(1, 0.03125, 0, 200, ok).
/*Sun Feb 01 15:17:14 2026*/ request(2, 1769955434.804, [peer(ip(127,0,0,1)),method(put),request_uri('/action'),path('/action'),http_version(1-1),host(localhost),port(8081),user_agent('Mozilla/5.0 (Windows NT 10.0; Win64; x64; rv:147.0) Gecko/20100101 Firefox/147.0'),referer('http://localhost:9000/'),content_type('application/json'),content_length(1875),origin('http://localhost:9000'),connection('keep-alive'),sec_fetch_dest(empty),sec_fetch_mode(cors),sec_fetch_site('same-site'),priority('u=0')]).
completed(2, 0.015625, 2346, 200, ok).
/*Sun Feb 01 15:17:20 2026*/ request(3, 1769955440.179, [peer(ip(127,0,0,1)),method(options),request_uri('/action'),path('/action'),http_version(1-1),host(localhost),port(8081),user_agent('Mozilla/5.0 (Windows NT 10.0; Win64; x64; rv:147.0) Gecko/20100101 Firefox/147.0'),access_control_request_method('PUT'),access_control_request_headers('content-type'),referer('http://localhost:9000/'),origin('http://localhost:9000'),connection('keep-alive'),sec_fetch_dest(empty),sec_fetch_mode(cors),sec_fetch_site('same-site'),priority('u=4')]).
completed(3, 0.015625, 0, 200, ok).
/*Sun Feb 01 15:17:20 2026*/ request(4, 1769955440.182, [peer(ip(127,0,0,1)),method(put),request_uri('/action'),path('/action'),http_version(1-1),host(localhost),port(8081),user_agent('Mozilla/5.0 (Windows NT 10.0; Win64; x64; rv:147.0) Gecko/20100101 Firefox/147.0'),referer('http://localhost:9000/'),content_type('application/json'),content_length(2034),origin('http://localhost:9000'),connection('keep-alive'),sec_fetch_dest(empty),sec_fetch_mode(cors),sec_fetch_site('same-site'),priority('u=0')]).
completed(4, 0.0, 2524, 200, ok).
/*Sun Feb 01 15:17:26 2026*/ request(5, 1769955446.481, [peer(ip(127,0,0,1)),method(options),request_uri('/action'),path('/action'),http_version(1-1),host(localhost),port(8081),user_agent('Mozilla/5.0 (Windows NT 10.0; Win64; x64; rv:147.0) Gecko/20100101 Firefox/147.0'),access_control_request_method('PUT'),access_control_request_headers('content-type'),referer('http://localhost:9000/'),origin('http://localhost:9000'),connection('keep-alive'),sec_fetch_dest(empty),sec_fetch_mode(cors),sec_fetch_site('same-site'),priority('u=4')]).
completed(5, 0.0, 0, 200, ok).
/*Sun Feb 01 15:17:26 2026*/ request(6, 1769955446.485, [peer(ip(127,0,0,1)),method(put),request_uri('/action'),path('/action'),http_version(1-1),host(localhost),port(8081),user_agent('Mozilla/5.0 (Windows NT 10.0; Win64; x64; rv:147.0) Gecko/20100101 Firefox/147.0'),referer('http://localhost:9000/'),content_type('application/json'),content_length(2033),origin('http://localhost:9000'),connection('keep-alive'),sec_fetch_dest(empty),sec_fetch_mode(cors),sec_fetch_site('same-site'),priority('u=0')]).
completed(6, 0.0, 2523, 200, ok).
/*Sun Feb 01 15:17:30 2026*/ request(7, 1769955450.939, [peer(ip(127,0,0,1)),method(put),request_uri('/action'),path('/action'),http_version(1-1),host(localhost),port(8081),user_agent('Mozilla/5.0 (Windows NT 10.0; Win64; x64; rv:147.0) Gecko/20100101 Firefox/147.0'),referer('http://localhost:9000/'),content_type('application/json'),content_length(2067),origin('http://localhost:9000'),connection('keep-alive'),sec_fetch_dest(empty),sec_fetch_mode(cors),sec_fetch_site('same-site'),priority('u=0')]).
completed(7, 0.0, 2566, 200, ok).
/*Sun Feb 01 15:17:52 2026*/ request(8, 1769955472.158, [peer(ip(127,0,0,1)),method(options),request_uri('/action'),path('/action'),http_version(1-1),host(localhost),port(8081),user_agent('Mozilla/5.0 (Windows NT 10.0; Win64; x64; rv:147.0) Gecko/20100101 Firefox/147.0'),access_control_request_method('PUT'),access_control_request_headers('content-type'),referer('http://localhost:9000/'),origin('http://localhost:9000'),connection('keep-alive'),sec_fetch_dest(empty),sec_fetch_mode(cors),sec_fetch_site('same-site'),priority('u=4')]).
completed(8, 0.0, 0, 200, ok).
/*Sun Feb 01 15:17:52 2026*/ request(9, 1769955472.161, [peer(ip(127,0,0,1)),method(put),request_uri('/action'),path('/action'),http_version(1-1),host(localhost),port(8081),user_agent('Mozilla/5.0 (Windows NT 10.0; Win64; x64; rv:147.0) Gecko/20100101 Firefox/147.0'),referer('http://localhost:9000/'),content_type('application/json'),content_length(2067),origin('http://localhost:9000'),connection('keep-alive'),sec_fetch_dest(empty),sec_fetch_mode(cors),sec_fetch_site('same-site'),priority('u=0')]).
completed(9, 0.0, 2566, 200, ok).
/*Sun Feb 01 15:18:01 2026*/ request(10, 1769955481.079, [peer(ip(127,0,0,1)),method(options),request_uri('/action'),path('/action'),http_version(1-1),host(localhost),port(8081),user_agent('Mozilla/5.0 (Windows NT 10.0; Win64; x64; rv:147.0) Gecko/20100101 Firefox/147.0'),access_control_request_method('PUT'),access_control_request_headers('content-type'),referer('http://localhost:9000/'),origin('http://localhost:9000'),connection('keep-alive'),sec_fetch_dest(empty),sec_fetch_mode(cors),sec_fetch_site('same-site'),priority('u=4')]).
completed(10, 0.0, 0, 200, ok).
/*Sun Feb 01 15:18:01 2026*/ request(11, 1769955481.083, [peer(ip(127,0,0,1)),method(put),request_uri('/action'),path('/action'),http_version(1-1),host(localhost),port(8081),user_agent('Mozilla/5.0 (Windows NT 10.0; Win64; x64; rv:147.0) Gecko/20100101 Firefox/147.0'),referer('http://localhost:9000/'),content_type('application/json'),content_length(2067),origin('http://localhost:9000'),connection('keep-alive'),sec_fetch_dest(empty),sec_fetch_mode(cors),sec_fetch_site('same-site'),priority('u=0')]).
completed(11, 0.0, 2566, 200, ok).
